iter.000000/01.model_devi/task.000.000005 810
iter.000000/01.model_devi/task.000.000006 590
iter.000000/01.model_devi/task.000.000000 80
iter.000000/01.model_devi/task.000.000003 240
iter.000000/01.model_devi/task.000.000006 620
iter.000000/01.model_devi/task.000.000008 230
iter.000000/01.model_devi/task.000.000007 960
iter.000000/01.model_devi/task.000.000007 240
iter.000000/01.model_devi/task.000.000003 940
iter.000000/01.model_devi/task.000.000001 300
iter.000000/01.model_devi/task.000.000005 990
iter.000000/01.model_devi/task.000.000006 830
iter.000000/01.model_devi/task.000.000006 690
iter.000000/01.model_devi/task.000.000001 450
iter.000000/01.model_devi/task.000.000008 370
iter.000000/01.model_devi/task.000.000003 810
iter.000000/01.model_devi/task.000.000002 10
iter.000000/01.model_devi/task.000.000006 240
iter.000000/01.model_devi/task.000.000000 550
iter.000000/01.model_devi/task.000.000004 220
iter.000000/01.model_devi/task.000.000000 670
iter.000000/01.model_devi/task.000.000001 790
iter.000000/01.model_devi/task.000.000000 450
iter.000000/01.model_devi/task.000.000000 720
iter.000000/01.model_devi/task.000.000004 410
iter.000000/01.model_devi/task.000.000002 930
iter.000000/01.model_devi/task.000.000000 130
iter.000000/01.model_devi/task.000.000001 940
iter.000000/01.model_devi/task.000.000003 820
iter.000000/01.model_devi/task.000.000007 360
iter.000000/01.model_devi/task.000.000005 70
iter.000000/01.model_devi/task.000.000004 980
iter.000000/01.model_devi/task.000.000006 540
iter.000000/01.model_devi/task.000.000009 370
iter.000000/01.model_devi/task.000.000004 760
iter.000000/01.model_devi/task.000.000001 240
iter.000000/01.model_devi/task.000.000005 890
iter.000000/01.model_devi/task.000.000006 290
iter.000000/01.model_devi/task.000.000003 660
iter.000000/01.model_devi/task.000.000000 540
iter.000000/01.model_devi/task.000.000006 420
iter.000000/01.model_devi/task.000.000000 970
iter.000000/01.model_devi/task.000.000003 710
iter.000000/01.model_devi/task.000.000003 110
iter.000000/01.model_devi/task.000.000005 290
iter.000000/01.model_devi/task.000.000002 650
iter.000000/01.model_devi/task.000.000001 440
iter.000000/01.model_devi/task.000.000005 500
iter.000000/01.model_devi/task.000.000006 990
iter.000000/01.model_devi/task.000.000005 200
iter.000000/01.model_devi/task.000.000005 820
iter.000000/01.model_devi/task.000.000005 750
iter.000000/01.model_devi/task.000.000000 340
iter.000000/01.model_devi/task.000.000002 330
iter.000000/01.model_devi/task.000.000000 620
iter.000000/01.model_devi/task.000.000005 850
iter.000000/01.model_devi/task.000.000009 870
iter.000000/01.model_devi/task.000.000003 670
iter.000000/01.model_devi/task.000.000006 70
iter.000000/01.model_devi/task.000.000003 30
iter.000000/01.model_devi/task.000.000000 610
iter.000000/01.model_devi/task.000.000006 90
iter.000000/01.model_devi/task.000.000007 890
iter.000000/01.model_devi/task.000.000003 210
iter.000000/01.model_devi/task.000.000003 880
iter.000000/01.model_devi/task.000.000007 740
iter.000000/01.model_devi/task.000.000003 630
iter.000000/01.model_devi/task.000.000003 190
iter.000000/01.model_devi/task.000.000009 610
iter.000000/01.model_devi/task.000.000003 980
iter.000000/01.model_devi/task.000.000007 310
iter.000000/01.model_devi/task.000.000004 200
iter.000000/01.model_devi/task.000.000008 300
iter.000000/01.model_devi/task.000.000005 860
iter.000000/01.model_devi/task.000.000005 570
iter.000000/01.model_devi/task.000.000009 300
iter.000000/01.model_devi/task.000.000006 960
iter.000000/01.model_devi/task.000.000009 720
iter.000000/01.model_devi/task.000.000004 750
iter.000000/01.model_devi/task.000.000007 1000
iter.000000/01.model_devi/task.000.000003 280
iter.000000/01.model_devi/task.000.000003 770
iter.000000/01.model_devi/task.000.000004 50
iter.000000/01.model_devi/task.000.000003 590
iter.000000/01.model_devi/task.000.000009 360
iter.000000/01.model_devi/task.000.000000 680
iter.000000/01.model_devi/task.000.000001 980
iter.000000/01.model_devi/task.000.000007 130
iter.000000/01.model_devi/task.000.000009 1000
iter.000000/01.model_devi/task.000.000007 830
iter.000000/01.model_devi/task.000.000001 630
iter.000000/01.model_devi/task.000.000009 680
iter.000000/01.model_devi/task.000.000001 760
iter.000000/01.model_devi/task.000.000005 610
iter.000000/01.model_devi/task.000.000006 920
iter.000000/01.model_devi/task.000.000001 380
iter.000000/01.model_devi/task.000.000006 790
iter.000000/01.model_devi/task.000.000009 640
iter.000000/01.model_devi/task.000.000004 270
iter.000000/01.model_devi/task.000.000006 190
iter.000000/01.model_devi/task.000.000004 120
iter.000000/01.model_devi/task.000.000008 150
iter.000000/01.model_devi/task.000.000006 760
iter.000000/01.model_devi/task.000.000006 570
iter.000000/01.model_devi/task.000.000008 360
iter.000000/01.model_devi/task.000.000006 550
iter.000000/01.model_devi/task.000.000000 10
iter.000000/01.model_devi/task.000.000005 100
iter.000000/01.model_devi/task.000.000008 970
iter.000000/01.model_devi/task.000.000000 120
iter.000000/01.model_devi/task.000.000009 240
iter.000000/01.model_devi/task.000.000000 330
iter.000000/01.model_devi/task.000.000006 260
iter.000000/01.model_devi/task.000.000009 700
iter.000000/01.model_devi/task.000.000003 350
iter.000000/01.model_devi/task.000.000005 0
iter.000000/01.model_devi/task.000.000003 300
iter.000000/01.model_devi/task.000.000009 90
iter.000000/01.model_devi/task.000.000006 470
iter.000000/01.model_devi/task.000.000006 520
iter.000000/01.model_devi/task.000.000004 480
iter.000000/01.model_devi/task.000.000000 270
iter.000000/01.model_devi/task.000.000007 280
iter.000000/01.model_devi/task.000.000004 230
iter.000000/01.model_devi/task.000.000009 940
iter.000000/01.model_devi/task.000.000001 520
iter.000000/01.model_devi/task.000.000001 400
iter.000000/01.model_devi/task.000.000007 140
iter.000000/01.model_devi/task.000.000007 640
iter.000000/01.model_devi/task.000.000005 130
iter.000000/01.model_devi/task.000.000005 30
iter.000000/01.model_devi/task.000.000008 870
iter.000000/01.model_devi/task.000.000009 10
iter.000000/01.model_devi/task.000.000008 960
iter.000000/01.model_devi/task.000.000006 500
iter.000000/01.model_devi/task.000.000004 590
iter.000000/01.model_devi/task.000.000004 150
iter.000000/01.model_devi/task.000.000004 340
iter.000000/01.model_devi/task.000.000005 20
iter.000000/01.model_devi/task.000.000003 920
iter.000000/01.model_devi/task.000.000007 500
iter.000000/01.model_devi/task.000.000008 510
iter.000000/01.model_devi/task.000.000003 570
iter.000000/01.model_devi/task.000.000006 230
iter.000000/01.model_devi/task.000.000006 800
iter.000000/01.model_devi/task.000.000000 440
iter.000000/01.model_devi/task.000.000007 40
iter.000000/01.model_devi/task.000.000003 450
iter.000000/01.model_devi/task.000.000005 280
iter.000000/01.model_devi/task.000.000000 770
iter.000000/01.model_devi/task.000.000009 540
iter.000000/01.model_devi/task.000.000006 440
iter.000000/01.model_devi/task.000.000004 470
iter.000000/01.model_devi/task.000.000009 650
iter.000000/01.model_devi/task.000.000008 260
iter.000000/01.model_devi/task.000.000003 620
iter.000000/01.model_devi/task.000.000004 970
iter.000000/01.model_devi/task.000.000001 970
iter.000000/01.model_devi/task.000.000006 480
iter.000000/01.model_devi/task.000.000004 510
iter.000000/01.model_devi/task.000.000001 310
iter.000000/01.model_devi/task.000.000006 900
iter.000000/01.model_devi/task.000.000004 80
iter.000000/01.model_devi/task.000.000006 370
iter.000000/01.model_devi/task.000.000007 790
iter.000000/01.model_devi/task.000.000000 750
iter.000000/01.model_devi/task.000.000009 260
iter.000000/01.model_devi/task.000.000001 720
iter.000000/01.model_devi/task.000.000003 490
iter.000000/01.model_devi/task.000.000003 160
iter.000000/01.model_devi/task.000.000003 1000
iter.000000/01.model_devi/task.000.000006 930
iter.000000/01.model_devi/task.000.000006 780
iter.000000/01.model_devi/task.000.000009 600
iter.000000/01.model_devi/task.000.000004 730
iter.000000/01.model_devi/task.000.000004 290
iter.000000/01.model_devi/task.000.000000 800
iter.000000/01.model_devi/task.000.000003 270
iter.000000/01.model_devi/task.000.000004 370
iter.000000/01.model_devi/task.000.000000 930
iter.000000/01.model_devi/task.000.000009 690
iter.000000/01.model_devi/task.000.000008 400
iter.000000/01.model_devi/task.000.000003 730
iter.000000/01.model_devi/task.000.000000 740
iter.000000/01.model_devi/task.000.000001 660
iter.000000/01.model_devi/task.000.000005 450
iter.000000/01.model_devi/task.000.000000 190
iter.000000/01.model_devi/task.000.000008 550
iter.000000/01.model_devi/task.000.000000 700
iter.000000/01.model_devi/task.000.000006 40
iter.000000/01.model_devi/task.000.000009 630
iter.000000/01.model_devi/task.000.000008 810
iter.000000/01.model_devi/task.000.000004 1000
iter.000000/01.model_devi/task.000.000005 930
iter.000000/01.model_devi/task.000.000001 480
iter.000000/01.model_devi/task.000.000005 670
iter.000000/01.model_devi/task.000.000008 750
iter.000000/01.model_devi/task.000.000009 890
iter.000000/01.model_devi/task.000.000001 730
iter.000000/01.model_devi/task.000.000004 550
iter.000000/01.model_devi/task.000.000007 570
iter.000000/01.model_devi/task.000.000003 420
iter.000000/01.model_devi/task.000.000008 580
iter.000000/01.model_devi/task.000.000001 130
iter.000000/01.model_devi/task.000.000006 720
iter.000000/01.model_devi/task.000.000001 830
iter.000000/01.model_devi/task.000.000002 50
iter.000000/01.model_devi/task.000.000005 60
iter.000000/01.model_devi/task.000.000007 780
iter.000000/01.model_devi/task.000.000004 840
iter.000000/01.model_devi/task.000.000009 820
iter.000000/01.model_devi/task.000.000006 310
iter.000000/01.model_devi/task.000.000006 600
iter.000000/01.model_devi/task.000.000008 540
iter.000000/01.model_devi/task.000.000005 950
iter.000000/01.model_devi/task.000.000008 610
iter.000000/01.model_devi/task.000.000005 180
iter.000000/01.model_devi/task.000.000008 430
iter.000000/01.model_devi/task.000.000006 680
iter.000000/01.model_devi/task.000.000008 250
iter.000000/01.model_devi/task.000.000003 70
iter.000000/01.model_devi/task.000.000006 970
iter.000000/01.model_devi/task.000.000005 880
iter.000000/01.model_devi/task.000.000005 170
iter.000000/01.model_devi/task.000.000004 720
iter.000000/01.model_devi/task.000.000008 940
iter.000000/01.model_devi/task.000.000009 900
iter.000000/01.model_devi/task.000.000009 350
iter.000000/01.model_devi/task.000.000004 90
iter.000000/01.model_devi/task.000.000004 260
iter.000000/01.model_devi/task.000.000000 100
iter.000000/01.model_devi/task.000.000003 200
iter.000000/01.model_devi/task.000.000009 710
iter.000000/01.model_devi/task.000.000004 690
iter.000000/01.model_devi/task.000.000000 900
iter.000000/01.model_devi/task.000.000009 790
iter.000000/01.model_devi/task.000.000005 320
iter.000000/01.model_devi/task.000.000007 300
iter.000000/01.model_devi/task.000.000005 600
iter.000000/01.model_devi/task.000.000009 40
iter.000000/01.model_devi/task.000.000000 950
iter.000000/01.model_devi/task.000.000001 90
iter.000000/01.model_devi/task.000.000006 10
iter.000000/01.model_devi/task.000.000001 270
iter.000000/01.model_devi/task.000.000005 90
iter.000000/01.model_devi/task.000.000003 180
iter.000000/01.model_devi/task.000.000009 760
iter.000000/01.model_devi/task.000.000003 20
iter.000000/01.model_devi/task.000.000004 900
iter.000000/01.model_devi/task.000.000000 90
iter.000000/01.model_devi/task.000.000004 870
iter.000000/01.model_devi/task.000.000004 580
iter.000000/01.model_devi/task.000.000000 940
iter.000000/01.model_devi/task.000.000009 580
iter.000000/01.model_devi/task.000.000004 430
iter.000000/01.model_devi/task.000.000004 360
iter.000000/01.model_devi/task.000.000006 160
iter.000000/01.model_devi/task.000.000001 20
iter.000000/01.model_devi/task.000.000003 260
iter.000000/01.model_devi/task.000.000000 660
iter.000000/01.model_devi/task.000.000008 440
iter.000000/01.model_devi/task.000.000000 150
iter.000000/01.model_devi/task.000.000005 680
iter.000000/01.model_devi/task.000.000000 20
iter.000000/01.model_devi/task.000.000007 860
iter.000000/01.model_devi/task.000.000000 1000
iter.000000/01.model_devi/task.000.000004 250
iter.000000/01.model_devi/task.000.000000 300
iter.000000/01.model_devi/task.000.000008 760
iter.000000/01.model_devi/task.000.000008 830
iter.000000/01.model_devi/task.000.000003 990
iter.000000/01.model_devi/task.000.000007 710
iter.000000/01.model_devi/task.000.000006 50
iter.000000/01.model_devi/task.000.000000 690
iter.000000/01.model_devi/task.000.000005 270
iter.000000/01.model_devi/task.000.000004 500
iter.000000/01.model_devi/task.000.000009 270
iter.000000/01.model_devi/task.000.000003 510
iter.000000/01.model_devi/task.000.000005 250
iter.000000/01.model_devi/task.000.000001 50
iter.000000/01.model_devi/task.000.000001 60
iter.000000/01.model_devi/task.000.000008 930
iter.000000/01.model_devi/task.000.000001 770
iter.000000/01.model_devi/task.000.000003 500
iter.000000/01.model_devi/task.000.000006 640
iter.000000/01.model_devi/task.000.000006 890
iter.000000/01.model_devi/task.000.000006 150
iter.000000/01.model_devi/task.000.000002 80
iter.000000/01.model_devi/task.000.000005 350
iter.000000/01.model_devi/task.000.000006 820
iter.000000/01.model_devi/task.000.000009 340
iter.000000/01.model_devi/task.000.000002 610
iter.000000/01.model_devi/task.000.000008 680
iter.000000/01.model_devi/task.000.000003 320
iter.000000/01.model_devi/task.000.000007 720
iter.000000/01.model_devi/task.000.000000 470
iter.000000/01.model_devi/task.000.000007 330
iter.000000/01.model_devi/task.000.000003 530
iter.000000/01.model_devi/task.000.000003 800
iter.000000/01.model_devi/task.000.000001 420
iter.000000/01.model_devi/task.000.000006 940
iter.000000/01.model_devi/task.000.000004 860
iter.000000/01.model_devi/task.000.000001 30
iter.000000/01.model_devi/task.000.000003 840
iter.000000/01.model_devi/task.000.000006 60
iter.000000/01.model_devi/task.000.000003 140
iter.000000/01.model_devi/task.000.000006 650
iter.000000/01.model_devi/task.000.000000 760
iter.000000/01.model_devi/task.000.000005 960
iter.000000/01.model_devi/task.000.000003 520
iter.000000/01.model_devi/task.000.000004 400
iter.000000/01.model_devi/task.000.000005 1000
iter.000000/01.model_devi/task.000.000000 50
iter.000000/01.model_devi/task.000.000006 560
iter.000000/01.model_devi/task.000.000006 120
iter.000000/01.model_devi/task.000.000008 720
iter.000000/01.model_devi/task.000.000009 850
iter.000000/01.model_devi/task.000.000001 690
iter.000000/01.model_devi/task.000.000006 730
iter.000000/01.model_devi/task.000.000006 430
iter.000000/01.model_devi/task.000.000003 410
iter.000000/01.model_devi/task.000.000002 870
iter.000000/01.model_devi/task.000.000003 370
iter.000000/01.model_devi/task.000.000002 890
iter.000000/01.model_devi/task.000.000005 380
iter.000000/01.model_devi/task.000.000006 450
iter.000000/01.model_devi/task.000.000009 320
iter.000000/01.model_devi/task.000.000003 640
iter.000000/01.model_devi/task.000.000009 570
iter.000000/01.model_devi/task.000.000000 870
iter.000000/01.model_devi/task.000.000009 50
iter.000000/01.model_devi/task.000.000008 840
iter.000000/01.model_devi/task.000.000009 230
iter.000000/01.model_devi/task.000.000008 790
iter.000000/01.model_devi/task.000.000006 110
iter.000000/01.model_devi/task.000.000005 720
iter.000000/01.model_devi/task.000.000000 380
iter.000000/01.model_devi/task.000.000008 590
iter.000000/01.model_devi/task.000.000001 590
iter.000000/01.model_devi/task.000.000008 900
iter.000000/01.model_devi/task.000.000003 740
iter.000000/01.model_devi/task.000.000008 520
iter.000000/01.model_devi/task.000.000009 560
iter.000000/01.model_devi/task.000.000005 920
iter.000000/01.model_devi/task.000.000003 60
iter.000000/01.model_devi/task.000.000006 200
iter.000000/01.model_devi/task.000.000008 190
iter.000000/01.model_devi/task.000.000004 830
iter.000000/01.model_devi/task.000.000003 690
iter.000000/01.model_devi/task.000.000000 790
iter.000000/01.model_devi/task.000.000009 840
iter.000000/01.model_devi/task.000.000008 330
iter.000000/01.model_devi/task.000.000009 860
iter.000000/01.model_devi/task.000.000003 560
iter.000000/01.model_devi/task.000.000003 600
iter.000000/01.model_devi/task.000.000006 740
iter.000000/01.model_devi/task.000.000005 740
iter.000000/01.model_devi/task.000.000008 620
iter.000000/01.model_devi/task.000.000003 910
iter.000000/01.model_devi/task.000.000007 10
iter.000000/01.model_devi/task.000.000006 660
iter.000000/01.model_devi/task.000.000004 310
iter.000000/01.model_devi/task.000.000006 340
iter.000000/01.model_devi/task.000.000008 500
iter.000000/01.model_devi/task.000.000003 90
iter.000000/01.model_devi/task.000.000004 700
iter.000000/01.model_devi/task.000.000005 630
iter.000000/01.model_devi/task.000.000006 20
iter.000000/01.model_devi/task.000.000006 860
iter.000000/01.model_devi/task.000.000007 270
iter.000000/01.model_devi/task.000.000000 220
iter.000000/01.model_devi/task.000.000005 520
iter.000000/01.model_devi/task.000.000008 860
iter.000000/01.model_devi/task.000.000006 400
iter.000000/01.model_devi/task.000.000003 960
iter.000000/01.model_devi/task.000.000005 430
iter.000000/01.model_devi/task.000.000006 270
iter.000000/01.model_devi/task.000.000008 410
iter.000000/01.model_devi/task.000.000001 800
iter.000000/01.model_devi/task.000.000000 560
iter.000000/01.model_devi/task.000.000007 160
iter.000000/01.model_devi/task.000.000004 540
iter.000000/01.model_devi/task.000.000004 10
iter.000000/01.model_devi/task.000.000004 440
iter.000000/01.model_devi/task.000.000000 730
iter.000000/01.model_devi/task.000.000008 10
iter.000000/01.model_devi/task.000.000006 330
iter.000000/01.model_devi/task.000.000008 800
iter.000000/01.model_devi/task.000.000000 140
iter.000000/01.model_devi/task.000.000003 250
iter.000000/01.model_devi/task.000.000003 40
iter.000000/01.model_devi/task.000.000007 260
iter.000000/01.model_devi/task.000.000003 0
iter.000000/01.model_devi/task.000.000006 380
iter.000000/01.model_devi/task.000.000005 460
iter.000000/01.model_devi/task.000.000000 520
iter.000000/01.model_devi/task.000.000005 640
iter.000000/01.model_devi/task.000.000004 790
iter.000000/01.model_devi/task.000.000006 1000
iter.000000/01.model_devi/task.000.000001 550
iter.000000/01.model_devi/task.000.000006 360
iter.000000/01.model_devi/task.000.000003 100
iter.000000/01.model_devi/task.000.000006 80
iter.000000/01.model_devi/task.000.000007 390
iter.000000/01.model_devi/task.000.000002 700
iter.000000/01.model_devi/task.000.000003 870
iter.000000/01.model_devi/task.000.000000 400
iter.000000/01.model_devi/task.000.000006 710
iter.000000/01.model_devi/task.000.000003 170
iter.000000/01.model_devi/task.000.000008 50
iter.000000/01.model_devi/task.000.000009 550
iter.000000/01.model_devi/task.000.000007 250
iter.000000/01.model_devi/task.000.000000 840
iter.000000/01.model_devi/task.000.000000 860
iter.000000/01.model_devi/task.000.000008 270
iter.000000/01.model_devi/task.000.000009 910
iter.000000/01.model_devi/task.000.000005 230
iter.000000/01.model_devi/task.000.000007 580
iter.000000/01.model_devi/task.000.000009 660
iter.000000/01.model_devi/task.000.000000 230
iter.000000/01.model_devi/task.000.000005 490
iter.000000/01.model_devi/task.000.000000 200
iter.000000/01.model_devi/task.000.000006 0
iter.000000/01.model_devi/task.000.000008 730
iter.000000/01.model_devi/task.000.000000 170
iter.000000/01.model_devi/task.000.000003 230
iter.000000/01.model_devi/task.000.000001 330
iter.000000/01.model_devi/task.000.000000 420
iter.000000/01.model_devi/task.000.000008 650
iter.000000/01.model_devi/task.000.000008 110
iter.000000/01.model_devi/task.000.000001 580
iter.000000/01.model_devi/task.000.000004 650
iter.000000/01.model_devi/task.000.000006 410
iter.000000/01.model_devi/task.000.000009 730
iter.000000/01.model_devi/task.000.000009 330
iter.000000/01.model_devi/task.000.000005 540
iter.000000/01.model_devi/task.000.000005 140
iter.000000/01.model_devi/task.000.000003 750
iter.000000/01.model_devi/task.000.000004 800
iter.000000/01.model_devi/task.000.000004 160
iter.000000/01.model_devi/task.000.000009 380
iter.000000/01.model_devi/task.000.000009 0
iter.000000/01.model_devi/task.000.000000 590
iter.000000/01.model_devi/task.000.000005 700
iter.000000/01.model_devi/task.000.000003 130
iter.000000/01.model_devi/task.000.000007 350
iter.000000/01.model_devi/task.000.000005 800
iter.000000/01.model_devi/task.000.000007 530
iter.000000/01.model_devi/task.000.000005 780
iter.000000/01.model_devi/task.000.000006 670
iter.000000/01.model_devi/task.000.000000 650
iter.000000/01.model_devi/task.000.000007 930
iter.000000/01.model_devi/task.000.000003 460
iter.000000/01.model_devi/task.000.000003 390
iter.000000/01.model_devi/task.000.000009 590
iter.000000/01.model_devi/task.000.000007 610
iter.000000/01.model_devi/task.000.000008 80
iter.000000/01.model_devi/task.000.000000 30
iter.000000/01.model_devi/task.000.000006 610
iter.000000/01.model_devi/task.000.000005 560
iter.000000/01.model_devi/task.000.000004 610
iter.000000/01.model_devi/task.000.000003 550
iter.000000/01.model_devi/task.000.000008 40
iter.000000/01.model_devi/task.000.000000 830
iter.000000/01.model_devi/task.000.000008 120
iter.000000/01.model_devi/task.000.000005 210
iter.000000/01.model_devi/task.000.000004 190
iter.000000/01.model_devi/task.000.000001 700
iter.000000/01.model_devi/task.000.000008 480
iter.000000/01.model_devi/task.000.000009 930
iter.000000/01.model_devi/task.000.000000 810
iter.000000/01.model_devi/task.000.000000 310
iter.000000/01.model_devi/task.000.000007 850
iter.000000/01.model_devi/task.000.000006 700
iter.000000/01.model_devi/task.000.000006 510
iter.000000/01.model_devi/task.000.000004 330
iter.000000/01.model_devi/task.000.000005 420
iter.000000/01.model_devi/task.000.000001 200
iter.000000/01.model_devi/task.000.000001 650
iter.000000/01.model_devi/task.000.000007 0
iter.000000/01.model_devi/task.000.000000 160
iter.000000/01.model_devi/task.000.000005 340
iter.000000/01.model_devi/task.000.000007 170
iter.000000/01.model_devi/task.000.000001 620
iter.000000/01.model_devi/task.000.000003 480
iter.000000/01.model_devi/task.000.000001 370
iter.000000/01.model_devi/task.000.000001 410
iter.000000/01.model_devi/task.000.000005 660
iter.000000/01.model_devi/task.000.000005 790
iter.000000/01.model_devi/task.000.000007 60
iter.000000/01.model_devi/task.000.000003 900
iter.000000/01.model_devi/task.000.000003 760
iter.000000/01.model_devi/task.000.000009 830
iter.000000/01.model_devi/task.000.000009 20
iter.000000/01.model_devi/task.000.000007 750
iter.000000/01.model_devi/task.000.000005 310
iter.000000/01.model_devi/task.000.000007 20
iter.000000/01.model_devi/task.000.000008 1000
iter.000000/01.model_devi/task.000.000005 510
iter.000000/01.model_devi/task.000.000005 390
iter.000000/01.model_devi/task.000.000008 220
iter.000000/01.model_devi/task.000.000008 470
iter.000000/01.model_devi/task.000.000004 300
iter.000000/01.model_devi/task.000.000008 290
iter.000000/01.model_devi/task.000.000001 160
iter.000000/01.model_devi/task.000.000005 710
iter.000000/01.model_devi/task.000.000001 510
iter.000000/01.model_devi/task.000.000003 950
iter.000000/01.model_devi/task.000.000006 300
iter.000000/01.model_devi/task.000.000007 820
iter.000000/01.model_devi/task.000.000003 780
iter.000000/01.model_devi/task.000.000008 820
iter.000000/01.model_devi/task.000.000000 630
iter.000000/01.model_devi/task.000.000006 630
iter.000000/01.model_devi/task.000.000003 700
iter.000000/01.model_devi/task.000.000003 340
iter.000000/01.model_devi/task.000.000005 770
iter.000000/01.model_devi/task.000.000008 20
iter.000000/01.model_devi/task.000.000009 750
iter.000000/01.model_devi/task.000.000008 890
iter.000000/01.model_devi/task.000.000008 690
iter.000000/01.model_devi/task.000.000009 970
iter.000000/01.model_devi/task.000.000005 240
iter.000000/01.model_devi/task.000.000004 620
iter.000000/01.model_devi/task.000.000001 340
iter.000000/01.model_devi/task.000.000009 620
iter.000000/01.model_devi/task.000.000004 20
iter.000000/01.model_devi/task.000.000007 30
iter.000000/01.model_devi/task.000.000003 310
iter.000000/01.model_devi/task.000.000005 530
iter.000000/01.model_devi/task.000.000003 50
iter.000000/01.model_devi/task.000.000000 480
iter.000000/01.model_devi/task.000.000009 960
iter.000000/01.model_devi/task.000.000000 260
iter.000000/01.model_devi/task.000.000005 40
iter.000000/01.model_devi/task.000.000009 800
iter.000000/01.model_devi/task.000.000008 340
iter.000000/01.model_devi/task.000.000000 510
iter.000000/01.model_devi/task.000.000003 380
iter.000000/01.model_devi/task.000.000004 40
iter.000000/01.model_devi/task.000.000003 850
iter.000000/01.model_devi/task.000.000006 750
iter.000000/01.model_devi/task.000.000000 580
iter.000000/01.model_devi/task.000.000007 600
iter.000000/01.model_devi/task.000.000006 220
iter.000000/01.model_devi/task.000.000002 920
iter.000000/01.model_devi/task.000.000006 130
iter.000000/01.model_devi/task.000.000000 240
iter.000000/01.model_devi/task.000.000006 580
iter.000000/01.model_devi/task.000.000001 230
iter.000000/01.model_devi/task.000.000000 910
iter.000000/01.model_devi/task.000.000000 410
iter.000000/01.model_devi/task.000.000000 980
iter.000000/01.model_devi/task.000.000000 60
iter.000000/01.model_devi/task.000.000003 890
iter.000000/01.model_devi/task.000.000000 370
iter.000000/01.model_devi/task.000.000003 440
