iter.000000/01.model_devi/task.000.000007 940
iter.000000/01.model_devi/task.000.000007 680
iter.000000/01.model_devi/task.000.000004 930
iter.000000/01.model_devi/task.000.000009 530
iter.000000/01.model_devi/task.000.000003 290
iter.000000/01.model_devi/task.000.000007 840
iter.000000/01.model_devi/task.000.000007 320
iter.000000/01.model_devi/task.000.000008 30
iter.000000/01.model_devi/task.000.000007 50
iter.000000/01.model_devi/task.000.000004 640
iter.000000/01.model_devi/task.000.000001 320
iter.000000/01.model_devi/task.000.000005 300
iter.000000/01.model_devi/task.000.000007 110
iter.000000/01.model_devi/task.000.000005 550
iter.000000/01.model_devi/task.000.000008 670
iter.000000/01.model_devi/task.000.000000 40
iter.000000/01.model_devi/task.000.000004 990
iter.000000/01.model_devi/task.000.000009 390
iter.000000/01.model_devi/task.000.000009 70
iter.000000/01.model_devi/task.000.000006 250
iter.000000/01.model_devi/task.000.000007 540
iter.000000/01.model_devi/task.000.000000 290
iter.000000/01.model_devi/task.000.000002 500
iter.000000/01.model_devi/task.000.000009 130
iter.000000/01.model_devi/task.000.000004 140
iter.000000/01.model_devi/task.000.000007 550
iter.000000/01.model_devi/task.000.000004 780
iter.000000/01.model_devi/task.000.000007 490
iter.000000/01.model_devi/task.000.000009 290
iter.000000/01.model_devi/task.000.000009 140
iter.000000/01.model_devi/task.000.000002 210
iter.000000/01.model_devi/task.000.000007 440
iter.000000/01.model_devi/task.000.000007 950
iter.000000/01.model_devi/task.000.000001 610
iter.000000/01.model_devi/task.000.000005 690
iter.000000/01.model_devi/task.000.000002 380
iter.000000/01.model_devi/task.000.000001 780
iter.000000/01.model_devi/task.000.000003 360
iter.000000/01.model_devi/task.000.000004 950
iter.000000/01.model_devi/task.000.000007 760
iter.000000/01.model_devi/task.000.000002 260
iter.000000/01.model_devi/task.000.000006 850
iter.000000/01.model_devi/task.000.000002 340
iter.000000/01.model_devi/task.000.000005 760
iter.000000/01.model_devi/task.000.000005 110
iter.000000/01.model_devi/task.000.000004 770
iter.000000/01.model_devi/task.000.000004 820
iter.000000/01.model_devi/task.000.000004 100
iter.000000/01.model_devi/task.000.000004 660
iter.000000/01.model_devi/task.000.000001 850
iter.000000/01.model_devi/task.000.000004 450
iter.000000/01.model_devi/task.000.000003 80
iter.000000/01.model_devi/task.000.000004 350
iter.000000/01.model_devi/task.000.000007 120
iter.000000/01.model_devi/task.000.000002 660
iter.000000/01.model_devi/task.000.000001 290
iter.000000/01.model_devi/task.000.000001 430
iter.000000/01.model_devi/task.000.000001 250
iter.000000/01.model_devi/task.000.000002 600
iter.000000/01.model_devi/task.000.000001 460
iter.000000/01.model_devi/task.000.000009 200
iter.000000/01.model_devi/task.000.000000 960
iter.000000/01.model_devi/task.000.000001 220
iter.000000/01.model_devi/task.000.000002 460
iter.000000/01.model_devi/task.000.000001 950
iter.000000/01.model_devi/task.000.000002 840
iter.000000/01.model_devi/task.000.000009 160
iter.000000/01.model_devi/task.000.000000 850
iter.000000/01.model_devi/task.000.000008 630
iter.000000/01.model_devi/task.000.000001 870
iter.000000/01.model_devi/task.000.000009 440
iter.000000/01.model_devi/task.000.000001 100
iter.000000/01.model_devi/task.000.000004 390
iter.000000/01.model_devi/task.000.000006 810
iter.000000/01.model_devi/task.000.000009 190
iter.000000/01.model_devi/task.000.000002 960
iter.000000/01.model_devi/task.000.000005 330
iter.000000/01.model_devi/task.000.000006 870
iter.000000/01.model_devi/task.000.000006 880
iter.000000/01.model_devi/task.000.000004 630
iter.000000/01.model_devi/task.000.000007 80
iter.000000/01.model_devi/task.000.000001 750
iter.000000/01.model_devi/task.000.000001 880
iter.000000/01.model_devi/task.000.000009 670
iter.000000/01.model_devi/task.000.000003 470
iter.000000/01.model_devi/task.000.000002 320
iter.000000/01.model_devi/task.000.000004 680
iter.000000/01.model_devi/task.000.000004 130
iter.000000/01.model_devi/task.000.000009 510
iter.000000/01.model_devi/task.000.000001 530
iter.000000/01.model_devi/task.000.000007 450
iter.000000/01.model_devi/task.000.000001 670
iter.000000/01.model_devi/task.000.000009 880
iter.000000/01.model_devi/task.000.000003 400
iter.000000/01.model_devi/task.000.000004 420
iter.000000/01.model_devi/task.000.000005 620
iter.000000/01.model_devi/task.000.000008 130
iter.000000/01.model_devi/task.000.000002 430
iter.000000/01.model_devi/task.000.000007 690
iter.000000/01.model_devi/task.000.000002 220
iter.000000/01.model_devi/task.000.000007 800
iter.000000/01.model_devi/task.000.000001 470
iter.000000/01.model_devi/task.000.000002 20
iter.000000/01.model_devi/task.000.000008 310
iter.000000/01.model_devi/task.000.000007 560
iter.000000/01.model_devi/task.000.000002 360
iter.000000/01.model_devi/task.000.000005 440
iter.000000/01.model_devi/task.000.000001 80
iter.000000/01.model_devi/task.000.000009 520
iter.000000/01.model_devi/task.000.000002 180
iter.000000/01.model_devi/task.000.000001 1000
iter.000000/01.model_devi/task.000.000002 880
iter.000000/01.model_devi/task.000.000009 430
iter.000000/01.model_devi/task.000.000002 520
iter.000000/01.model_devi/task.000.000002 580
iter.000000/01.model_devi/task.000.000000 600
iter.000000/01.model_devi/task.000.000009 280
iter.000000/01.model_devi/task.000.000000 280
iter.000000/01.model_devi/task.000.000008 880
iter.000000/01.model_devi/task.000.000004 170
iter.000000/01.model_devi/task.000.000001 500
iter.000000/01.model_devi/task.000.000006 980
iter.000000/01.model_devi/task.000.000005 400
iter.000000/01.model_devi/task.000.000007 430
iter.000000/01.model_devi/task.000.000008 70
iter.000000/01.model_devi/task.000.000002 850
iter.000000/01.model_devi/task.000.000001 40
iter.000000/01.model_devi/task.000.000002 290
iter.000000/01.model_devi/task.000.000005 650
iter.000000/01.model_devi/task.000.000001 680
iter.000000/01.model_devi/task.000.000008 350
iter.000000/01.model_devi/task.000.000008 920
iter.000000/01.model_devi/task.000.000008 530
iter.000000/01.model_devi/task.000.000007 980
iter.000000/01.model_devi/task.000.000008 280
iter.000000/01.model_devi/task.000.000006 490
iter.000000/01.model_devi/task.000.000000 250
iter.000000/01.model_devi/task.000.000002 690
iter.000000/01.model_devi/task.000.000001 930
iter.000000/01.model_devi/task.000.000008 980
iter.000000/01.model_devi/task.000.000007 200
iter.000000/01.model_devi/task.000.000008 910
iter.000000/01.model_devi/task.000.000002 300
iter.000000/01.model_devi/task.000.000008 660
iter.000000/01.model_devi/task.000.000002 200
iter.000000/01.model_devi/task.000.000009 60
iter.000000/01.model_devi/task.000.000002 800
iter.000000/01.model_devi/task.000.000007 870
iter.000000/01.model_devi/task.000.000003 10
iter.000000/01.model_devi/task.000.000005 160
iter.000000/01.model_devi/task.000.000007 210
iter.000000/01.model_devi/task.000.000009 120
iter.000000/01.model_devi/task.000.000001 120
iter.000000/01.model_devi/task.000.000005 190
iter.000000/01.model_devi/task.000.000008 0
iter.000000/01.model_devi/task.000.000001 560
iter.000000/01.model_devi/task.000.000002 620
iter.000000/01.model_devi/task.000.000005 970
iter.000000/01.model_devi/task.000.000004 210
iter.000000/01.model_devi/task.000.000007 630
iter.000000/01.model_devi/task.000.000002 780
iter.000000/01.model_devi/task.000.000004 890
iter.000000/01.model_devi/task.000.000001 150
iter.000000/01.model_devi/task.000.000005 120
iter.000000/01.model_devi/task.000.000001 280
iter.000000/01.model_devi/task.000.000007 910
iter.000000/01.model_devi/task.000.000008 380
iter.000000/01.model_devi/task.000.000002 640
iter.000000/01.model_devi/task.000.000004 60
iter.000000/01.model_devi/task.000.000002 400
iter.000000/01.model_devi/task.000.000006 840
iter.000000/01.model_devi/task.000.000002 820
iter.000000/01.model_devi/task.000.000001 260
iter.000000/01.model_devi/task.000.000008 490
iter.000000/01.model_devi/task.000.000007 470
iter.000000/01.model_devi/task.000.000007 150
iter.000000/01.model_devi/task.000.000009 250
iter.000000/01.model_devi/task.000.000007 100
iter.000000/01.model_devi/task.000.000006 280
iter.000000/01.model_devi/task.000.000009 180
iter.000000/01.model_devi/task.000.000001 170
iter.000000/01.model_devi/task.000.000007 70
iter.000000/01.model_devi/task.000.000009 220
iter.000000/01.model_devi/task.000.000006 180
iter.000000/01.model_devi/task.000.000008 160
iter.000000/01.model_devi/task.000.000008 320
iter.000000/01.model_devi/task.000.000004 460
iter.000000/01.model_devi/task.000.000002 480
iter.000000/01.model_devi/task.000.000008 140
iter.000000/01.model_devi/task.000.000009 400
iter.000000/01.model_devi/task.000.000002 110
iter.000000/01.model_devi/task.000.000005 580
iter.000000/01.model_devi/task.000.000006 460
iter.000000/01.model_devi/task.000.000005 80
iter.000000/01.model_devi/task.000.000002 590
iter.000000/01.model_devi/task.000.000008 450
iter.000000/01.model_devi/task.000.000009 920
iter.000000/01.model_devi/task.000.000003 650
iter.000000/01.model_devi/task.000.000007 660
iter.000000/01.model_devi/task.000.000007 650
iter.000000/01.model_devi/task.000.000004 910
iter.000000/01.model_devi/task.000.000002 730
iter.000000/01.model_devi/task.000.000004 110
iter.000000/01.model_devi/task.000.000009 780
iter.000000/01.model_devi/task.000.000002 740
iter.000000/01.model_devi/task.000.000006 350
iter.000000/01.model_devi/task.000.000003 930
iter.000000/01.model_devi/task.000.000003 720
iter.000000/01.model_devi/task.000.000001 190
iter.000000/01.model_devi/task.000.000007 920
iter.000000/01.model_devi/task.000.000002 310
iter.000000/01.model_devi/task.000.000002 810
iter.000000/01.model_devi/task.000.000000 430
iter.000000/01.model_devi/task.000.000002 630
iter.000000/01.model_devi/task.000.000000 210
iter.000000/01.model_devi/task.000.000009 740
iter.000000/01.model_devi/task.000.000008 460
iter.000000/01.model_devi/task.000.000001 540
iter.000000/01.model_devi/task.000.000004 850
iter.000000/01.model_devi/task.000.000002 510
iter.000000/01.model_devi/task.000.000001 890
iter.000000/01.model_devi/task.000.000005 840
iter.000000/01.model_devi/task.000.000008 390
iter.000000/01.model_devi/task.000.000001 860
iter.000000/01.model_devi/task.000.000008 170
iter.000000/01.model_devi/task.000.000005 260
iter.000000/01.model_devi/task.000.000002 130
iter.000000/01.model_devi/task.000.000009 770
iter.000000/01.model_devi/task.000.000004 810
iter.000000/01.model_devi/task.000.000000 320
iter.000000/01.model_devi/task.000.000002 40
iter.000000/01.model_devi/task.000.000003 830
iter.000000/01.model_devi/task.000.000002 350
iter.000000/01.model_devi/task.000.000000 180
iter.000000/01.model_devi/task.000.000006 30
iter.000000/01.model_devi/task.000.000001 350
iter.000000/01.model_devi/task.000.000005 410
iter.000000/01.model_devi/task.000.000001 390
iter.000000/01.model_devi/task.000.000007 180
iter.000000/01.model_devi/task.000.000002 230
iter.000000/01.model_devi/task.000.000002 1000
iter.000000/01.model_devi/task.000.000003 610
iter.000000/01.model_devi/task.000.000007 370
iter.000000/01.model_devi/task.000.000001 710
iter.000000/01.model_devi/task.000.000008 770
iter.000000/01.model_devi/task.000.000002 160
iter.000000/01.model_devi/task.000.000007 970
iter.000000/01.model_devi/task.000.000002 450
iter.000000/01.model_devi/task.000.000005 590
iter.000000/01.model_devi/task.000.000003 330
iter.000000/01.model_devi/task.000.000004 920
iter.000000/01.model_devi/task.000.000002 190
iter.000000/01.model_devi/task.000.000000 110
iter.000000/01.model_devi/task.000.000002 900
iter.000000/01.model_devi/task.000.000009 80
iter.000000/01.model_devi/task.000.000007 410
iter.000000/01.model_devi/task.000.000002 720
iter.000000/01.model_devi/task.000.000007 510
iter.000000/01.model_devi/task.000.000009 310
iter.000000/01.model_devi/task.000.000007 420
iter.000000/01.model_devi/task.000.000006 770
iter.000000/01.model_devi/task.000.000008 570
iter.000000/01.model_devi/task.000.000007 460
iter.000000/01.model_devi/task.000.000003 970
iter.000000/01.model_devi/task.000.000008 210
iter.000000/01.model_devi/task.000.000008 600
iter.000000/01.model_devi/task.000.000007 220
iter.000000/01.model_devi/task.000.000009 150
iter.000000/01.model_devi/task.000.000005 10
iter.000000/01.model_devi/task.000.000005 360
iter.000000/01.model_devi/task.000.000009 990
iter.000000/01.model_devi/task.000.000002 710
iter.000000/01.model_devi/task.000.000008 180
iter.000000/01.model_devi/task.000.000000 530
iter.000000/01.model_devi/task.000.000001 110
iter.000000/01.model_devi/task.000.000001 570
iter.000000/01.model_devi/task.000.000002 140
iter.000000/01.model_devi/task.000.000001 140
iter.000000/01.model_devi/task.000.000006 140
iter.000000/01.model_devi/task.000.000002 570
iter.000000/01.model_devi/task.000.000007 90
iter.000000/01.model_devi/task.000.000009 420
iter.000000/01.model_devi/task.000.000000 350
iter.000000/01.model_devi/task.000.000002 750
iter.000000/01.model_devi/task.000.000002 940
iter.000000/01.model_devi/task.000.000001 600
iter.000000/01.model_devi/task.000.000008 200
iter.000000/01.model_devi/task.000.000007 400
iter.000000/01.model_devi/task.000.000007 620
iter.000000/01.model_devi/task.000.000000 390
iter.000000/01.model_devi/task.000.000007 190
iter.000000/01.model_devi/task.000.000002 390
iter.000000/01.model_devi/task.000.000008 60
iter.000000/01.model_devi/task.000.000002 790
iter.000000/01.model_devi/task.000.000004 530
iter.000000/01.model_devi/task.000.000009 470
iter.000000/01.model_devi/task.000.000009 100
iter.000000/01.model_devi/task.000.000009 410
iter.000000/01.model_devi/task.000.000004 710
iter.000000/01.model_devi/task.000.000002 910
iter.000000/01.model_devi/task.000.000007 290
iter.000000/01.model_devi/task.000.000004 570
iter.000000/01.model_devi/task.000.000006 100
iter.000000/01.model_devi/task.000.000001 960
iter.000000/01.model_devi/task.000.000008 740
iter.000000/01.model_devi/task.000.000000 500
iter.000000/01.model_devi/task.000.000005 730
iter.000000/01.model_devi/task.000.000002 280
iter.000000/01.model_devi/task.000.000008 640
iter.000000/01.model_devi/task.000.000007 230
iter.000000/01.model_devi/task.000.000007 480
iter.000000/01.model_devi/task.000.000002 560
iter.000000/01.model_devi/task.000.000002 440
iter.000000/01.model_devi/task.000.000007 990
iter.000000/01.model_devi/task.000.000006 530
iter.000000/01.model_devi/task.000.000000 570
iter.000000/01.model_devi/task.000.000006 320
iter.000000/01.model_devi/task.000.000006 390
iter.000000/01.model_devi/task.000.000008 780
iter.000000/01.model_devi/task.000.000002 970
iter.000000/01.model_devi/task.000.000008 560
iter.000000/01.model_devi/task.000.000003 540
iter.000000/01.model_devi/task.000.000001 810
iter.000000/01.model_devi/task.000.000002 540
iter.000000/01.model_devi/task.000.000003 430
iter.000000/01.model_devi/task.000.000007 520
iter.000000/01.model_devi/task.000.000008 420
iter.000000/01.model_devi/task.000.000004 490
iter.000000/01.model_devi/task.000.000000 890
iter.000000/01.model_devi/task.000.000005 370
iter.000000/01.model_devi/task.000.000000 460
iter.000000/01.model_devi/task.000.000001 840
iter.000000/01.model_devi/task.000.000009 170
iter.000000/01.model_devi/task.000.000005 830
iter.000000/01.model_devi/task.000.000008 990
iter.000000/01.model_devi/task.000.000009 490
iter.000000/01.model_devi/task.000.000007 340
iter.000000/01.model_devi/task.000.000002 120
iter.000000/01.model_devi/task.000.000008 240
iter.000000/01.model_devi/task.000.000001 740
iter.000000/01.model_devi/task.000.000009 30
iter.000000/01.model_devi/task.000.000006 910
iter.000000/01.model_devi/task.000.000002 150
iter.000000/01.model_devi/task.000.000006 950
iter.000000/01.model_devi/task.000.000004 30
iter.000000/01.model_devi/task.000.000002 420
iter.000000/01.model_devi/task.000.000000 0
iter.000000/01.model_devi/task.000.000002 0
iter.000000/01.model_devi/task.000.000004 180
iter.000000/01.model_devi/task.000.000006 210
iter.000000/01.model_devi/task.000.000002 410
iter.000000/01.model_devi/task.000.000002 770
iter.000000/01.model_devi/task.000.000001 900
iter.000000/01.model_devi/task.000.000009 110
iter.000000/01.model_devi/task.000.000009 950
iter.000000/01.model_devi/task.000.000007 810
iter.000000/01.model_devi/task.000.000007 730
iter.000000/01.model_devi/task.000.000007 880
iter.000000/01.model_devi/task.000.000003 680
iter.000000/01.model_devi/task.000.000003 220
iter.000000/01.model_devi/task.000.000005 50
iter.000000/01.model_devi/task.000.000002 60
iter.000000/01.model_devi/task.000.000002 270
iter.000000/01.model_devi/task.000.000000 880
iter.000000/01.model_devi/task.000.000000 780
iter.000000/01.model_devi/task.000.000001 70
iter.000000/01.model_devi/task.000.000000 820
iter.000000/01.model_devi/task.000.000004 740
iter.000000/01.model_devi/task.000.000001 0
iter.000000/01.model_devi/task.000.000007 700
iter.000000/01.model_devi/task.000.000004 960
iter.000000/01.model_devi/task.000.000004 240
iter.000000/01.model_devi/task.000.000002 980
iter.000000/01.model_devi/task.000.000002 550
iter.000000/01.model_devi/task.000.000007 770
iter.000000/01.model_devi/task.000.000008 950
iter.000000/01.model_devi/task.000.000008 100
iter.000000/01.model_devi/task.000.000004 940
iter.000000/01.model_devi/task.000.000004 280
iter.000000/01.model_devi/task.000.000006 170
iter.000000/01.model_devi/task.000.000002 250
iter.000000/01.model_devi/task.000.000001 180
iter.000000/01.model_devi/task.000.000009 980
iter.000000/01.model_devi/task.000.000005 980
iter.000000/01.model_devi/task.000.000008 710
iter.000000/01.model_devi/task.000.000005 480
iter.000000/01.model_devi/task.000.000007 590
iter.000000/01.model_devi/task.000.000002 100
iter.000000/01.model_devi/task.000.000000 70
iter.000000/01.model_devi/task.000.000001 360
iter.000000/01.model_devi/task.000.000004 320
iter.000000/01.model_devi/task.000.000000 360
iter.000000/01.model_devi/task.000.000005 220
iter.000000/01.model_devi/task.000.000004 670
iter.000000/01.model_devi/task.000.000003 580
iter.000000/01.model_devi/task.000.000001 920
iter.000000/01.model_devi/task.000.000004 880
iter.000000/01.model_devi/task.000.000002 830
iter.000000/01.model_devi/task.000.000003 120
iter.000000/01.model_devi/task.000.000001 210
iter.000000/01.model_devi/task.000.000005 870
iter.000000/01.model_devi/task.000.000001 640
iter.000000/01.model_devi/task.000.000004 520
iter.000000/01.model_devi/task.000.000009 810
iter.000000/01.model_devi/task.000.000004 560
iter.000000/01.model_devi/task.000.000009 460
iter.000000/01.model_devi/task.000.000004 380
iter.000000/01.model_devi/task.000.000002 670
iter.000000/01.model_devi/task.000.000005 470
iter.000000/01.model_devi/task.000.000005 900
iter.000000/01.model_devi/task.000.000008 700
iter.000000/01.model_devi/task.000.000007 670
iter.000000/01.model_devi/task.000.000002 170
iter.000000/01.model_devi/task.000.000000 490
iter.000000/01.model_devi/task.000.000007 380
iter.000000/01.model_devi/task.000.000000 990
iter.000000/01.model_devi/task.000.000009 450
iter.000000/01.model_devi/task.000.000000 710
iter.000000/01.model_devi/task.000.000009 480
iter.000000/01.model_devi/task.000.000002 30
iter.000000/01.model_devi/task.000.000002 470
iter.000000/01.model_devi/task.000.000002 950
iter.000000/01.model_devi/task.000.000005 910
iter.000000/01.model_devi/task.000.000009 210
iter.000000/01.model_devi/task.000.000000 640
iter.000000/01.model_devi/task.000.000004 600
iter.000000/01.model_devi/task.000.000005 940
iter.000000/01.model_devi/task.000.000008 90
iter.000000/01.model_devi/task.000.000002 860
iter.000000/01.model_devi/task.000.000002 990
iter.000000/01.model_devi/task.000.000000 920
iter.000000/01.model_devi/task.000.000001 490
iter.000000/01.model_devi/task.000.000001 910
iter.000000/01.model_devi/task.000.000004 70
iter.000000/01.model_devi/task.000.000007 900
iter.000000/01.model_devi/task.000.000001 820
iter.000000/01.model_devi/task.000.000002 240
iter.000000/01.model_devi/task.000.000001 990
iter.000000/01.model_devi/task.000.000003 150
iter.000000/01.model_devi/task.000.000003 790
iter.000000/01.model_devi/task.000.000005 150
iter.000000/01.model_devi/task.000.000008 850
iter.000000/01.model_devi/task.000.000002 490
iter.000000/01.model_devi/task.000.000003 860
iter.000000/01.model_devi/task.000.000002 70
iter.000000/01.model_devi/task.000.000001 10
iter.000000/01.model_devi/task.000.000002 90
iter.000000/01.model_devi/task.000.000002 530
iter.000000/01.model_devi/task.000.000002 760
iter.000000/01.model_devi/task.000.000004 0
iter.000000/01.model_devi/task.000.000002 680
iter.000000/01.model_devi/task.000.000009 500
iter.000000/01.model_devi/task.000.000002 370
