epoch,loss
0,1.1432300806045532
1,0.7352721095085144
2,0.6703107953071594
3,0.6501994132995605
4,0.6418101787567139
5,0.6266536116600037
6,0.5832452178001404
7,0.6226617693901062
8,0.5955514907836914
9,0.609516978263855
10,0.5571005940437317
11,0.5531578063964844
12,0.5605353713035583
13,0.5694703459739685
14,0.5523838400840759
15,0.5553970336914062
16,0.5271889567375183
17,0.5352848768234253
18,0.5492808818817139
19,0.5238838195800781
20,0.513892650604248
21,0.5352360010147095
22,0.5394359230995178
23,0.5196970105171204
24,0.5303301811218262
25,0.5247793793678284
26,0.49839073419570923
27,0.5316264629364014
28,0.5214745402336121
29,0.4960539638996124
30,0.5391722321510315
31,0.5054671168327332
32,0.4930276572704315
33,0.5031395554542542
34,0.4879997670650482
35,0.48068466782569885
36,0.49487268924713135
37,0.4942474365234375
38,0.5004053115844727
39,0.4792506694793701
40,0.4746662378311157
41,0.4743010103702545
42,0.48351767659187317
43,0.45916271209716797
44,0.46038609743118286
45,0.4525158405303955
46,0.46435996890068054
47,0.45574092864990234
48,0.4821864068508148
49,0.4661061763763428
50,0.4461177587509155
51,0.4394572377204895
52,0.45238712430000305
53,0.45469173789024353
54,0.46752482652664185
55,0.4441325068473816
56,0.4396359622478485
57,0.45559096336364746
58,0.435143381357193
59,0.46846505999565125
60,0.4357394278049469
61,0.4419848918914795
62,0.4270632266998291
63,0.4586087167263031
64,0.44090408086776733
65,0.41927438974380493
66,0.4442286789417267
67,0.4176308214664459
68,0.4442148804664612
69,0.419403612613678
70,0.42442092299461365
71,0.42259928584098816
72,0.4257804751396179
73,0.425444096326828
74,0.41257283091545105
75,0.42429476976394653
76,0.4057828187942505
77,0.4241286814212799
78,0.4247322678565979
79,0.42768946290016174
80,0.41662129759788513
81,0.40398159623146057
82,0.4038770794868469
83,0.3958500623703003
84,0.3972509801387787
85,0.4046223759651184
86,0.40259841084480286
87,0.4121663570404053
88,0.4090707004070282
89,0.39462533593177795
90,0.4244668185710907
91,0.41832801699638367
92,0.39510607719421387
93,0.40465298295021057
94,0.39469948410987854
95,0.39217057824134827
96,0.37945663928985596
97,0.3840157389640808
98,0.38896143436431885
99,0.3915034532546997
100,0.38676708936691284
101,0.38345807790756226
102,0.38078346848487854
103,0.3803233206272125
104,0.3849577009677887
105,0.3843676745891571
106,0.3866828680038452
107,0.39297163486480713
108,0.37554335594177246
109,0.38258975744247437
110,0.3863941729068756
111,0.39517924189567566
112,0.38718271255493164
113,0.37722232937812805
114,0.3662712872028351
115,0.3920304477214813
116,0.3647722601890564
117,0.3758063316345215
118,0.3614666759967804
119,0.3713536858558655
120,0.3771209418773651
121,0.37040022015571594
122,0.36624327301979065
123,0.3628444969654083
124,0.3821120262145996
125,0.36719128489494324
126,0.3562677502632141
127,0.3524138927459717
128,0.3640260696411133
129,0.3590324819087982
130,0.360983282327652
131,0.3538428246974945
132,0.3673648536205292
133,0.35071584582328796
134,0.3578367829322815
135,0.3559873402118683
136,0.35370099544525146
137,0.3554961085319519
138,0.3531680107116699
139,0.346318781375885
140,0.353810578584671
141,0.35109493136405945
142,0.34827694296836853
143,0.349043071269989
144,0.3616695702075958
145,0.36853736639022827
146,0.3434082567691803
147,0.3435533940792084
148,0.35282087326049805
149,0.3581406772136688
150,0.33540090918540955
151,0.3377469778060913
152,0.3374423682689667
153,0.3513738214969635
154,0.34327951073646545
155,0.3478035032749176
156,0.3439895510673523
157,0.33318987488746643
158,0.3558836579322815
159,0.3428598940372467
160,0.3398706316947937
161,0.342617005109787
162,0.32644692063331604
163,0.3361901640892029
164,0.328156977891922
165,0.33507731556892395
166,0.3333125114440918
167,0.33580368757247925
168,0.3346560299396515
169,0.3289557099342346
170,0.33778759837150574
171,0.3344152867794037
172,0.32863104343414307
173,0.3256588280200958
174,0.32599425315856934
175,0.3240080773830414
176,0.32089763879776
177,0.3311890661716461
178,0.33849018812179565
179,0.3411444425582886
180,0.32834392786026
181,0.34272682666778564
182,0.33609944581985474
183,0.3279198110103607
184,0.3202474117279053
185,0.33592310547828674
186,0.324556827545166
187,0.3276829421520233
188,0.3199658989906311
189,0.321176677942276
190,0.3133350610733032
191,0.31239908933639526
192,0.3221660852432251
193,0.3271852731704712
194,0.3278796076774597
195,0.33095669746398926
196,0.32895907759666443
197,0.3192093074321747
198,0.3133560121059418
199,0.31176623702049255
200,0.3150816559791565
201,0.3182745575904846
202,0.311617910861969
203,0.3165958523750305
204,0.30702903866767883
205,0.3039209842681885
206,0.3086172044277191
207,0.3132394552230835
208,0.3137636184692383
209,0.3093056380748749
210,0.3128663897514343
211,0.3087804317474365
212,0.3401342034339905
213,0.3123050630092621
214,0.31435489654541016
215,0.3073713779449463
216,0.3072128891944885
217,0.2982518672943115
218,0.30041781067848206
219,0.29632115364074707
220,0.3061673939228058
221,0.30372676253318787
222,0.30435910820961
223,0.32095927000045776
224,0.32030734419822693
225,0.3098904490470886
226,0.2941640615463257
227,0.3066469430923462
228,0.2990599572658539
229,0.31087738275527954
230,0.3015572428703308
231,0.3037835657596588
232,0.29799047112464905
233,0.3026219308376312
234,0.2947620451450348
235,0.29894477128982544
236,0.3013780415058136
237,0.3020578920841217
238,0.3054826855659485
239,0.2911420166492462
240,0.3033543825149536
241,0.30122309923171997
242,0.29463499784469604
243,0.3075297772884369
244,0.29620230197906494
245,0.2922060787677765
246,0.29046592116355896
247,0.2961534857749939
248,0.28688952326774597
249,0.30319449305534363
250,0.296803742647171
251,0.29412785172462463
252,0.29230543971061707
253,0.28712353110313416
254,0.30513712763786316
255,0.32025569677352905
256,0.2917565107345581
257,0.29336386919021606
258,0.28259745240211487
259,0.2914050817489624
260,0.2800569534301758
261,0.29133427143096924
262,0.28831997513771057
263,0.29831334948539734
264,0.2903927266597748
265,0.29213947057724
266,0.3024158477783203
267,0.27933019399642944
268,0.29013365507125854
269,0.2890092134475708
270,0.2899998128414154
271,0.2887911796569824
272,0.27931883931159973
273,0.28020426630973816
274,0.28995397686958313
275,0.2750004529953003
276,0.2785249352455139
277,0.28768637776374817
278,0.2898477017879486
279,0.277624249458313
280,0.278522789478302
281,0.28155404329299927
282,0.2871873080730438
283,0.2738010585308075
284,0.28687766194343567
285,0.2845088839530945
286,0.3153020143508911
287,0.27772581577301025
288,0.29203543066978455
289,0.2756911516189575
290,0.2770954370498657
291,0.2676381766796112
292,0.27658113837242126
293,0.27492114901542664
294,0.2695128321647644
295,0.2777397930622101
296,0.27424293756484985
297,0.28117358684539795
298,0.2661799192428589
299,0.2698926031589508
300,0.2745212912559509
301,0.27400386333465576
302,0.2655877470970154
303,0.2799314558506012
304,0.2759059965610504
305,0.27300161123275757
306,0.27259236574172974
307,0.29986074566841125
308,0.2705400884151459
309,0.28397423028945923
310,0.26007285714149475
311,0.270524799823761
312,0.26232168078422546
313,0.27371451258659363
314,0.28701215982437134
315,0.27816537022590637
316,0.2726244628429413
317,0.2691152095794678
318,0.26428359746932983
319,0.26807647943496704
320,0.2714906334877014
321,0.2832624912261963
322,0.2701055109500885
323,0.2722030580043793
324,0.2738882899284363
325,0.27091899514198303
326,0.2620900869369507
327,0.2658643126487732
328,0.2702776789665222
329,0.2699301838874817
330,0.26571616530418396
331,0.26788732409477234
332,0.27012988924980164
333,0.27560120820999146
334,0.26753273606300354
335,0.2703220248222351
336,0.2663162052631378
337,0.26614910364151
338,0.2648536264896393
339,0.2643725872039795
340,0.26676756143569946
341,0.25809139013290405
342,0.2607080042362213
343,0.25419530272483826
344,0.2555980384349823
345,0.283913791179657
346,0.2736668586730957
347,0.2717227637767792
348,0.2595207393169403
349,0.26204758882522583
350,0.2587343752384186
351,0.2700901925563812
352,0.2901321351528168
353,0.2593403160572052
354,0.2634845972061157
355,0.2684423327445984
356,0.27035894989967346
357,0.26384836435317993
358,0.2587474286556244
359,0.2631368041038513
360,0.254228800535202
361,0.2637770175933838
362,0.25366148352622986
363,0.2563205063343048
364,0.2652554512023926
365,0.2615918815135956
366,0.2673572599887848
367,0.25618457794189453
368,0.25320324301719666
369,0.25122642517089844
370,0.24648946523666382
371,0.24647322297096252
372,0.24982719123363495
373,0.258218377828598
374,0.264952152967453
375,0.24933478236198425
376,0.2575744092464447
377,0.2552543580532074
378,0.26106205582618713
379,0.24572503566741943
380,0.26129600405693054
381,0.2597525119781494
382,0.25451818108558655
383,0.2543952167034149
384,0.2501826584339142
385,0.24868275225162506
386,0.2676233649253845
387,0.26172956824302673
388,0.24996526539325714
389,0.2530274987220764
390,0.25558531284332275
391,0.25747236609458923
392,0.2472565621137619
393,0.25511887669563293
394,0.2557376027107239
395,0.25965431332588196
396,0.25308865308761597
397,0.2525826692581177
398,0.24785667657852173
399,0.2566656470298767
400,0.25152695178985596
401,0.25112754106521606
402,0.2516982853412628
403,0.2480669468641281
404,0.24319303035736084
405,0.2474445402622223
406,0.2549268901348114
407,0.2550543546676636
408,0.264288067817688
409,0.2541421353816986
410,0.25527870655059814
411,0.2432834655046463
412,0.24568428099155426
413,0.2535998225212097
414,0.24633759260177612
415,0.2607992887496948
416,0.2432374805212021
417,0.2514510452747345
418,0.2477196753025055
419,0.24337518215179443
420,0.23888368904590607
421,0.2591134309768677
422,0.2410520315170288
423,0.25281575322151184
424,0.24029207229614258
425,0.23599474132061005
426,0.24216188490390778
427,0.2621801495552063
428,0.2483128011226654
429,0.25275593996047974
430,0.2469072937965393
431,0.25470536947250366
432,0.23914970457553864
433,0.2544916868209839
434,0.24345359206199646
435,0.2410912811756134
436,0.24948348104953766
437,0.24208150804042816
438,0.2422741949558258
439,0.23813293874263763
440,0.24305570125579834
441,0.2457580268383026
442,0.24549902975559235
443,0.25430816411972046
444,0.2388422042131424
445,0.24183763563632965
446,0.23872724175453186
447,0.25066083669662476
448,0.2430199384689331
449,0.24993906915187836
450,0.24333149194717407
451,0.24462543427944183
452,0.25070393085479736
453,0.2342953085899353
454,0.24162724614143372
455,0.24805685877799988
456,0.2400602549314499
457,0.24179251492023468
458,0.2545294761657715
459,0.24933205544948578
460,0.24991823732852936
461,0.243349090218544
462,0.23912778496742249
463,0.24231015145778656
464,0.24684832990169525
465,0.2501908540725708
466,0.2399299591779709
467,0.23373079299926758
468,0.24847464263439178
469,0.2341659963130951
470,0.24255962669849396
471,0.24585923552513123
472,0.2585679888725281
473,0.25065481662750244
474,0.23530465364456177
475,0.23620975017547607
476,0.25229203701019287
477,0.24520710110664368
478,0.23083806037902832
479,0.23016446828842163
480,0.22804176807403564
481,0.23672263324260712
482,0.23835541307926178
483,0.23139850795269012
484,0.25562813878059387
485,0.22856566309928894
486,0.23721133172512054
487,0.22984285652637482
488,0.24748672544956207
489,0.23919139802455902
490,0.24749375879764557
491,0.23729434609413147
492,0.24124814569950104
493,0.23531584441661835
494,0.23815859854221344
495,0.23755976557731628
496,0.23622198402881622
497,0.24208630621433258
498,0.23374968767166138
499,0.22571662068367004
500,0.22458212077617645
501,0.23597565293312073
502,0.23891909420490265
503,0.22688402235507965
504,0.22959190607070923
505,0.2277909368276596
506,0.23630216717720032
507,0.2208804488182068
508,0.23269858956336975
509,0.24508115649223328
510,0.22333842515945435
511,0.23674525320529938
512,0.22042785584926605
513,0.23689238727092743
514,0.23196609318256378
515,0.22485247254371643
516,0.22246043384075165
517,0.22597520053386688
518,0.22268043458461761
519,0.22867631912231445
520,0.23621778190135956
521,0.2281949669122696
522,0.23480434715747833
523,0.23267340660095215
524,0.224007248878479
525,0.23248691856861115
526,0.23822517693042755
527,0.228850856423378
528,0.22457650303840637
529,0.22104568779468536
530,0.23487500846385956
531,0.22703634202480316
532,0.2257748395204544
533,0.23612210154533386
534,0.24295084178447723
535,0.23565183579921722
536,0.2328355312347412
537,0.24365797638893127
538,0.2265360951423645
539,0.22798828780651093
540,0.22776244580745697
541,0.2238328605890274
542,0.24471712112426758
543,0.23493289947509766
544,0.23272892832756042
545,0.22412432730197906
546,0.22821544110774994
547,0.23306135833263397
548,0.2239319086074829
549,0.21751768887043
550,0.22347456216812134
551,0.22542725503444672
552,0.22803537547588348
553,0.2251763492822647
554,0.23080836236476898
555,0.2295481264591217
556,0.22103570401668549
557,0.22272372245788574
558,0.2359035462141037
559,0.2399023026227951
560,0.23195700347423553
561,0.22327648103237152
562,0.22955596446990967
563,0.22670778632164001
564,0.2281162291765213
565,0.2321048080921173
566,0.2213381975889206
567,0.2233748883008957
568,0.22833460569381714
569,0.23068493604660034
570,0.22600145637989044
571,0.22614453732967377
572,0.22072702646255493
573,0.21856330335140228
574,0.22705556452274323
575,0.22729088366031647
576,0.233636736869812
577,0.21983702480793
578,0.24334292113780975
579,0.23892813920974731
580,0.21350039541721344
581,0.2109566330909729
582,0.2263745367527008
583,0.21825124323368073
584,0.23691631853580475
585,0.2169019728899002
586,0.21723784506320953
587,0.2210436761379242
588,0.21577692031860352
589,0.2188178151845932
590,0.22460231184959412
591,0.21363861858844757
592,0.23033574223518372
593,0.22413425147533417
594,0.266968697309494
595,0.22832824289798737
596,0.2341621369123459
597,0.23113557696342468
598,0.2404179871082306
599,0.2603532671928406
600,0.24758021533489227
601,0.24918733537197113
602,0.21774648129940033
603,0.21865683794021606
604,0.22440916299819946
605,0.21230536699295044
606,0.2209801822900772
607,0.2119823843240738
608,0.21480293571949005
609,0.21478118002414703
610,0.22620852291584015
611,0.22765977680683136
612,0.20832327008247375
613,0.2201094776391983
614,0.2199959009885788
615,0.21668563783168793
616,0.21402092278003693
617,0.23104552924633026
618,0.21374647319316864
619,0.21295104920864105
620,0.21616077423095703
621,0.22036713361740112
622,0.21324634552001953
623,0.21121937036514282
624,0.21431373059749603
625,0.2321380078792572
626,0.21529410779476166
627,0.21845462918281555
628,0.22056731581687927
629,0.21701392531394958
630,0.23309072852134705
631,0.2161097526550293
632,0.21704821288585663
633,0.24781593680381775
634,0.22445666790008545
635,0.21634110808372498
636,0.2116977423429489
637,0.2075684517621994
638,0.21031500399112701
639,0.21158315241336823
640,0.2086167335510254
641,0.2218460589647293
642,0.22376033663749695
643,0.2170739322900772
644,0.21248655021190643
645,0.22887654602527618
646,0.23198202252388
647,0.2136092334985733
648,0.22815629839897156
649,0.2196170538663864
650,0.21137477457523346
651,0.21768328547477722
652,0.21141552925109863
653,0.2187623828649521
654,0.2236977219581604
655,0.21137525141239166
656,0.21096335351467133
657,0.2724243998527527
658,0.24413733184337616
659,0.21787884831428528
660,0.21941591799259186
661,0.20883654057979584
662,0.20879468321800232
663,0.21360410749912262
664,0.2133333534002304
665,0.2402220368385315
666,0.2183907926082611
667,0.2163199484348297
668,0.20696601271629333
669,0.2152211219072342
670,0.20793813467025757
671,0.20883028209209442
672,0.23648102581501007
673,0.2306748777627945
674,0.2147298902273178
675,0.22063574194908142
676,0.20724421739578247
677,0.21081876754760742
678,0.20634868741035461
679,0.21047145128250122
680,0.22633378207683563
681,0.21352198719978333
682,0.21387647092342377
683,0.20846235752105713
684,0.22203081846237183
685,0.20815801620483398
686,0.20870858430862427
687,0.21464572846889496
688,0.21557587385177612
689,0.2235749214887619
690,0.2101934403181076
691,0.21242764592170715
692,0.21692854166030884
693,0.2111268788576126
694,0.20995306968688965
695,0.21781736612319946
696,0.21783195436000824
697,0.20997390151023865
698,0.22292214632034302
699,0.21320264041423798
700,0.2091834843158722
701,0.2074730098247528
702,0.20909443497657776
703,0.22057539224624634
704,0.2095641940832138
705,0.2153555154800415
706,0.2132367491722107
707,0.2125578373670578
708,0.2164601981639862
709,0.21072979271411896
710,0.2177519053220749
711,0.23086239397525787
712,0.2121334820985794
713,0.20605430006980896
714,0.20932051539421082
715,0.22063370048999786
716,0.21720939874649048
717,0.2021927684545517
718,0.22338475286960602
719,0.20754073560237885
720,0.21096917986869812
721,0.20406314730644226
722,0.20203843712806702
723,0.22500666975975037
724,0.22395099699497223
725,0.21335534751415253
726,0.2112487256526947
727,0.2029416710138321
728,0.21402470767498016
729,0.20555086433887482
730,0.20938538014888763
731,0.20809321105480194
732,0.2012193650007248
733,0.22437569499015808
734,0.21212983131408691
735,0.24040645360946655
736,0.20738843083381653
737,0.22099162638187408
738,0.2062561959028244
739,0.2059125453233719
740,0.20925061404705048
741,0.2040541172027588
742,0.24241016805171967
743,0.21418678760528564
744,0.20465944707393646
745,0.21091827750205994
746,0.2890739142894745
747,0.20746177434921265
748,0.2018854171037674
749,0.2090059071779251
750,0.19941674172878265
751,0.201767235994339
752,0.20307719707489014
753,0.21125304698944092
754,0.20541314780712128
755,0.21188850700855255
756,0.2094617486000061
757,0.20490507781505585
758,0.20545293390750885
759,0.20353765785694122
760,0.20273637771606445
761,0.20061002671718597
762,0.23208771646022797
763,0.21555034816265106
764,0.200186088681221
765,0.2074006199836731
766,0.2740388512611389
767,0.2274768054485321
768,0.2460281103849411
769,0.21031568944454193
770,0.20785336196422577
771,0.20991463959217072
772,0.20379096269607544
773,0.21153558790683746
774,0.2091674655675888
775,0.19847208261489868
776,0.2071341872215271
777,0.24540139734745026
778,0.22546197474002838
779,0.20203718543052673
780,0.19915419816970825
781,0.20248953998088837
782,0.1958978772163391
783,0.19876447319984436
784,0.20472893118858337
785,0.20389573276042938
786,0.2021230161190033
787,0.20029190182685852
788,0.20434074103832245
789,0.22957338392734528
790,0.22999116778373718
791,0.20843233168125153
792,0.20542699098587036
793,0.20301179587841034
794,0.21288062632083893
795,0.20109449326992035
796,0.20010776817798615
797,0.2160213589668274
798,0.20773515105247498
799,0.23341944813728333
800,0.20263046026229858
801,0.1992674469947815
802,0.20290277898311615
803,0.20702262222766876
804,0.20430971682071686
805,0.21081215143203735
806,0.23691785335540771
807,0.21211418509483337
808,0.19634924829006195
809,0.19594593346118927
810,0.21259532868862152
811,0.2012414187192917
812,0.19877733290195465
813,0.20195673406124115
814,0.20278967916965485
815,0.2113640308380127
816,0.20634864270687103
817,0.22083869576454163
818,0.20567668974399567
819,0.20487256348133087
820,0.204867422580719
821,0.20175880193710327
822,0.2321595996618271
823,0.21489547193050385
824,0.21208246052265167
825,0.2057027667760849
826,0.21983122825622559
827,0.20440532267093658
828,0.19796021282672882
829,0.2124820500612259
830,0.19663836061954498
831,0.20661242306232452
832,0.2104029357433319
833,0.20538368821144104
834,0.2053309977054596
835,0.20006965100765228
836,0.20351946353912354
837,0.20216892659664154
838,0.2146356850862503
839,0.20057760179042816
840,0.20108242332935333
841,0.22471849620342255
842,0.20778998732566833
843,0.21994183957576752
844,0.22555743157863617
845,0.22639022767543793
846,0.2041098177433014
847,0.19944503903388977
848,0.1963980495929718
849,0.1983673870563507
850,0.20319244265556335
851,0.19677355885505676
852,0.20570625364780426
853,0.20522281527519226
854,0.20642855763435364
855,0.20849137008190155
856,0.19856035709381104
857,0.20043043792247772
858,0.21361179649829865
859,0.20550404489040375
860,0.2013549506664276
861,0.2050062119960785
862,0.19837303459644318
863,0.20554468035697937
864,0.2122613787651062
865,0.23555712401866913
866,0.21394672989845276
867,0.20733289420604706
868,0.1976338028907776
869,0.19465303421020508
870,0.19757723808288574
871,0.20137380063533783
872,0.20241354405879974
873,0.20653264224529266
874,0.2823675274848938
875,0.20873260498046875
876,0.1972779780626297
877,0.20216429233551025
878,0.21498629450798035
879,0.19603045284748077
880,0.1988239884376526
881,0.19805555045604706
882,0.20620544254779816
883,0.19398793578147888
884,0.19537676870822906
885,0.2020449936389923
886,0.20547866821289062
887,0.2040702998638153
888,0.20824801921844482
889,0.19864687323570251
890,0.20209667086601257
891,0.20132599771022797
892,0.20110785961151123
893,0.20894165337085724
894,0.19636228680610657
895,0.2150055319070816
896,0.20119920372962952
897,0.2042810171842575
898,0.19591259956359863
899,0.22815412282943726
900,0.20177532732486725
901,0.20278479158878326
902,0.1993272751569748
903,0.1993889957666397
904,0.19375427067279816
905,0.21695083379745483
906,0.20563122630119324
907,0.2101753205060959
908,0.1970166265964508
909,0.20047052204608917
910,0.1997040957212448
911,0.19497449696063995
912,0.20070688426494598
913,0.21271002292633057
914,0.1978600025177002
915,0.20216767489910126
916,0.21011307835578918
917,0.2051948457956314
918,0.19748665392398834
919,0.19644656777381897
920,0.20161914825439453
921,0.204645037651062
922,0.21594785153865814
923,0.20270273089408875
924,0.19587913155555725
925,0.20121882855892181
926,0.20958596467971802
927,0.19542384147644043
928,0.1940382570028305
929,0.20359744131565094
930,0.19865813851356506
931,0.20528261363506317
932,0.19776439666748047
933,0.194316104054451
934,0.19865892827510834
935,0.1983579844236374
936,0.19904953241348267
937,0.19369515776634216
938,0.20196636021137238
939,0.20403870940208435
940,0.19447411596775055
941,0.19977131485939026
942,0.20216962695121765
943,0.2208385318517685
944,0.2069268524646759
945,0.20251886546611786
946,0.20893649756908417
947,0.2068098932504654
948,0.19603274762630463
949,0.20104658603668213
950,0.20199322700500488
951,0.19987888634204865
952,0.19893226027488708
953,0.19512997567653656
954,0.19835752248764038
955,0.19228051602840424
956,0.19648852944374084
957,0.202399343252182
958,0.19390101730823517
959,0.2071985900402069
960,0.20451092720031738
961,0.19773003458976746
962,0.1954970508813858
963,0.19477024674415588
964,0.20424777269363403
965,0.19258590042591095
966,0.1977309137582779
967,0.20061229169368744
968,0.19862687587738037
969,0.1994970291852951
970,0.2132202833890915
971,0.21866853535175323
972,0.21723879873752594
973,0.23237952589988708
974,0.20496463775634766
975,0.1919345259666443
976,0.19436050951480865
977,0.19665862619876862
978,0.19995546340942383
979,0.19411605596542358
980,0.19928377866744995
981,0.2012372612953186
982,0.19728313386440277
983,0.20168133080005646
984,0.19592437148094177
985,0.1931459903717041
986,0.19528299570083618
987,0.2017732858657837
988,0.20190833508968353
989,0.19409191608428955
990,0.19684703648090363
991,0.19377639889717102
992,0.19700577855110168
993,0.19512072205543518
994,0.19258013367652893
995,0.19810304045677185
996,0.19408757984638214
997,0.21548721194267273
998,0.20230767130851746
999,0.19533167779445648
1000,0.20139488577842712
1001,0.1907941699028015
1002,0.20960839092731476
1003,0.19760318100452423
1004,0.19715619087219238
1005,0.2678716778755188
1006,0.20644479990005493
1007,0.19461312890052795
1008,0.18989701569080353
1009,0.20562705397605896
1010,0.19511103630065918
1011,0.20739233493804932
1012,0.19333209097385406
1013,0.19343699514865875
1014,0.19199778139591217
1015,0.1925395429134369
1016,0.2028704434633255
1017,0.1915881633758545
1018,0.19103959202766418
1019,0.19935914874076843
1020,0.1920231282711029
1021,0.20615243911743164
1022,0.19751493632793427
1023,0.20027559995651245
1024,0.20551657676696777
1025,0.19657088816165924
1026,0.1970893293619156
1027,0.20215392112731934
1028,0.20774485170841217
1029,0.20039984583854675
1030,0.20557375252246857
1031,0.20059780776500702
1032,0.20565783977508545
1033,0.1895555704832077
1034,0.19090057909488678
1035,0.19186857342720032
1036,0.19831597805023193
1037,0.1909603625535965
1038,0.19803732633590698
1039,0.20168143510818481
1040,0.19812877476215363
1041,0.1944776028394699
1042,0.19619525969028473
1043,0.20275156199932098
1044,0.19682762026786804
1045,0.19515055418014526
1046,0.1952313780784607
1047,0.19230636954307556
1048,0.19234618544578552
1049,0.19515620172023773
1050,0.197575181722641
1051,0.22091162204742432
1052,0.20168009400367737
1053,0.19572530686855316
1054,0.19977906346321106
1055,0.20091421902179718
1056,0.1905961036682129
1057,0.19456638395786285
1058,0.19630318880081177
1059,0.19018122553825378
1060,0.21347831189632416
1061,0.20309965312480927
1062,0.19920307397842407
1063,0.19264483451843262
1064,0.20032291114330292
1065,0.20203524827957153
1066,0.19626423716545105
1067,0.1978420913219452
1068,0.20615758001804352
1069,0.19334235787391663
1070,0.19306127727031708
1071,0.2106533646583557
1072,0.19632002711296082
1073,0.20059573650360107
1074,0.19396021962165833
1075,0.19263571500778198
1076,0.19175870716571808
1077,0.19802424311637878
1078,0.1982344388961792
1079,0.1934163123369217
1080,0.18817192316055298
1081,0.19376876950263977
1082,0.2051442414522171
1083,0.19349543750286102
1084,0.20500171184539795
1085,0.2042621225118637
1086,0.1920502781867981
1087,0.1977267861366272
1088,0.19047339260578156
1089,0.2050492912530899
1090,0.1965157836675644
1091,0.19280241429805756
1092,0.18918956816196442
1093,0.19484002888202667
1094,0.20583637058734894
1095,0.19432659447193146
1096,0.19853650033473969
1097,0.19286774098873138
1098,0.1901041567325592
1099,0.1947743445634842
1100,0.19488951563835144
1101,0.1898602992296219
1102,0.21033115684986115
1103,0.19641739130020142
1104,0.19182343780994415
1105,0.18938252329826355
1106,0.19102166593074799
1107,0.1916380077600479
1108,0.1980261355638504
1109,0.20656485855579376
1110,0.19362439215183258
1111,0.18917550146579742
1112,0.2030852884054184
1113,0.2191254049539566
1114,0.20549073815345764
1115,0.1899334043264389
1116,0.18679368495941162
1117,0.19151704013347626
1118,0.18780672550201416
1119,0.19095198810100555
1120,0.19399374723434448
1121,0.19830478727817535
1122,0.19066153466701508
1123,0.18574383854866028
1124,0.19206355512142181
1125,0.1941266506910324
1126,0.19661933183670044
1127,0.19557791948318481
1128,0.19261254370212555
1129,0.19930075109004974
1130,0.19071969389915466
1131,0.20261283218860626
1132,0.20784440636634827
1133,0.19954581558704376
1134,0.18997600674629211
1135,0.188804492354393
1136,0.18968303501605988
1137,0.19142182171344757
1138,0.19610528647899628
1139,0.1959589272737503
1140,0.19742625951766968
1141,0.2117300182580948
1142,0.2383459359407425
1143,0.1910843700170517
1144,0.18988542258739471
1145,0.19515681266784668
1146,0.18754538893699646
1147,0.1868027001619339
1148,0.191029354929924
1149,0.20220382511615753
1150,0.2365446239709854
1151,0.22553659975528717
1152,0.19717305898666382
1153,0.1864900141954422
1154,0.1876724660396576
1155,0.18910278379917145
1156,0.18800528347492218
1157,0.18613536655902863
1158,0.18548092246055603
1159,0.18789461255073547
1160,0.19000783562660217
1161,0.19309695065021515
1162,0.1960388571023941
1163,0.20234210789203644
1164,0.1901451051235199
1165,0.195346862077713
1166,0.20785653591156006
1167,0.20666618645191193
1168,0.19146811962127686
1169,0.19677774608135223
1170,0.2127709537744522
1171,0.19663897156715393
1172,0.18747878074645996
1173,0.18793272972106934
1174,0.1881733238697052
1175,0.19107013940811157
1176,0.19262005388736725
1177,0.18536001443862915
1178,0.1924540251493454
1179,0.18814817070960999
1180,0.19089682400226593
1181,0.19920435547828674
1182,0.18883638083934784
1183,0.1881139874458313
1184,0.1904422640800476
1185,0.19347143173217773
1186,0.19953906536102295
1187,0.19093599915504456
1188,0.19867567718029022
1189,0.1938275694847107
1190,0.22077569365501404
1191,0.19608578085899353
1192,0.18997418880462646
1193,0.18773451447486877
1194,0.1900632381439209
1195,0.19526870548725128
1196,0.18934714794158936
1197,0.21056798100471497
1198,0.2001502513885498
1199,0.19294367730617523
1200,0.19071750342845917
1201,0.1872347891330719
1202,0.1890827864408493
1203,0.19913406670093536
1204,0.19970528781414032
1205,0.2126183807849884
1206,0.20791202783584595
1207,0.19394837319850922
1208,0.18494319915771484
1209,0.18434886634349823
1210,0.18967904150485992
1211,0.20568041503429413
1212,0.1873762160539627
1213,0.18607467412948608
1214,0.19490353763103485
1215,0.1897576004266739
1216,0.18551507592201233
1217,0.19111013412475586
1218,0.21913926303386688
1219,0.20280003547668457
1220,0.1876719743013382
1221,0.19123339653015137
1222,0.19223183393478394
1223,0.18403147161006927
1224,0.18748392164707184
1225,0.1851523220539093
1226,0.18461818993091583
1227,0.1894397884607315
1228,0.19981691241264343
1229,0.1933264285326004
1230,0.1886332780122757
1231,0.19699934124946594
1232,0.19113658368587494
1233,0.19591496884822845
1234,0.19370752573013306
1235,0.19404791295528412
1236,0.18920539319515228
1237,0.18838728964328766
1238,0.1896735429763794
1239,0.19118979573249817
1240,0.18748675286769867
1241,0.1893097311258316
1242,0.2003161907196045
1243,0.1950111836194992
1244,0.1928149163722992
1245,0.1938624382019043
1246,0.1912682205438614
1247,0.18708090484142303
1248,0.18947266042232513
1249,0.18940071761608124
1250,0.19181771576404572
1251,0.19078363478183746
1252,0.1965440809726715
1253,0.18969374895095825
1254,0.18445564806461334
1255,0.19041596353054047
1256,0.2052156925201416
1257,0.19202379882335663
1258,0.19678989052772522
1259,0.18737830221652985
1260,0.18540576100349426
1261,0.18543437123298645
1262,0.19317875802516937
1263,0.19579946994781494
1264,0.18639123439788818
1265,0.1985066831111908
1266,0.1909426599740982
1267,0.18369492888450623
1268,0.18594539165496826
1269,0.1933443546295166
1270,0.19646205008029938
1271,0.19265572726726532
1272,0.19995933771133423
1273,0.1958509385585785
1274,0.2092350572347641
1275,0.18471015989780426
1276,0.18836821615695953
1277,0.18989381194114685
1278,0.20102953910827637
1279,0.18919989466667175
1280,0.1837608367204666
1281,0.1869938224554062
1282,0.19167155027389526
1283,0.1903439462184906
1284,0.19599008560180664
1285,0.188614621758461
1286,0.18454936146736145
1287,0.1865823119878769
1288,0.18869523704051971
1289,0.19911319017410278
1290,0.18882492184638977
1291,0.1883392333984375
1292,0.1921101212501526
1293,0.18839037418365479
1294,0.18604712188243866
1295,0.1867762953042984
1296,0.18877734243869781
1297,0.1862597018480301
1298,0.1906232386827469
1299,0.18909624218940735
1300,0.18697033822536469
1301,0.19219964742660522
1302,0.20757344365119934
1303,0.19249311089515686
1304,0.19423212110996246
1305,0.18327970802783966
1306,0.1850716918706894
1307,0.18376603722572327
1308,0.19002066552639008
1309,0.20776347815990448
1310,0.18568944931030273
1311,0.18710346519947052
1312,0.18336375057697296
1313,0.19186130166053772
1314,0.18615849316120148
1315,0.18520063161849976
1316,0.19297800958156586
1317,0.2005099654197693
1318,0.18744465708732605
1319,0.21028336882591248
1320,0.19683299958705902
1321,0.2014031708240509
1322,0.18942683935165405
1323,0.18602904677391052
1324,0.18346048891544342
1325,0.19243212044239044
1326,0.18713361024856567
1327,0.1882186084985733
1328,0.18631981313228607
1329,0.18470336496829987
1330,0.183659166097641
1331,0.18648050725460052
1332,0.18855717778205872
1333,0.19010481238365173
1334,0.1864745020866394
1335,0.1969851851463318
1336,0.2069823294878006
1337,0.1887611597776413
1338,0.19486181437969208
1339,0.18464678525924683
1340,0.19403640925884247
1341,0.18287025392055511
1342,0.18326403200626373
1343,0.18626007437705994
1344,0.1875658482313156
1345,0.1855226308107376
1346,0.1889394223690033
1347,0.1858263909816742
1348,0.18540185689926147
1349,0.18619941174983978
1350,0.19311879575252533
1351,0.18951469659805298
1352,0.18674026429653168
1353,0.22223106026649475
1354,0.216048464179039
1355,0.2038489133119583
1356,0.19075798988342285
1357,0.18860606849193573
1358,0.18243597447872162
1359,0.19051329791545868
1360,0.1877451241016388
1361,0.18568836152553558
1362,0.18948547542095184
1363,0.19162549078464508
1364,0.18671225011348724
1365,0.18304502964019775
1366,0.20252728462219238
1367,0.18802082538604736
1368,0.19194960594177246
1369,0.1875535398721695
1370,0.1858915090560913
1371,0.18410509824752808
1372,0.1984129101037979
1373,0.18600602447986603
1374,0.18531383574008942
1375,0.18885594606399536
1376,0.18697883188724518
1377,0.18794220685958862
1378,0.18439051508903503
1379,0.18720173835754395
1380,0.18893010914325714
1381,0.18787063658237457
1382,0.212520033121109
1383,0.19011661410331726
1384,0.19033250212669373
1385,0.19106589257717133
1386,0.18201801180839539
1387,0.18825958669185638
1388,0.18191367387771606
1389,0.187811478972435
1390,0.18736916780471802
1391,0.18803708255290985
1392,0.19168953597545624
1393,0.18869946897029877
1394,0.19546963274478912
1395,0.1910477578639984
1396,0.19255492091178894
1397,0.19186066091060638
1398,0.18137191236019135
1399,0.18334250152111053
1400,0.1841728538274765
1401,0.1848539561033249
1402,0.18578925728797913
1403,0.1923464983701706
1404,0.18918485939502716
1405,0.1906227171421051
1406,0.19039343297481537
1407,0.1925950050354004
1408,0.1858559101819992
1409,0.1911502182483673
1410,0.18078970909118652
1411,0.18637216091156006
1412,0.1939888596534729
1413,0.18316274881362915
1414,0.18246951699256897
1415,0.18765577673912048
1416,0.1895158439874649
1417,0.1864442080259323
1418,0.185452401638031
1419,0.19796040654182434
1420,0.20842546224594116
1421,0.19322948157787323
1422,0.19086679816246033
1423,0.18204930424690247
1424,0.1875002384185791
1425,0.18427814543247223
1426,0.20628704130649567
1427,0.19314467906951904
1428,0.19008466601371765
1429,0.1842135488986969
1430,0.1855173259973526
1431,0.35476481914520264
1432,0.1970619112253189
1433,0.1872091442346573
1434,0.18034859001636505
1435,0.18219901621341705
1436,0.18088950216770172
1437,0.18733187019824982
1438,0.18203382194042206
1439,0.1831832230091095
1440,0.18048933148384094
1441,0.1833062618970871
1442,0.18066172301769257
1443,0.1841455101966858
1444,0.1838790625333786
1445,0.18530234694480896
1446,0.18804481625556946
1447,0.18218626081943512
1448,0.19656246900558472
1449,0.20236554741859436
1450,0.19195261597633362
1451,0.18630219995975494
1452,0.20485125482082367
1453,0.19157442450523376
1454,0.1961735337972641
1455,0.18468932807445526
1456,0.18615086376667023
1457,0.18473726511001587
1458,0.1841842234134674
1459,0.18913257122039795
1460,0.1871548742055893
1461,0.18662796914577484
1462,0.18577703833580017
1463,0.19741922616958618
1464,0.1866462677717209
1465,0.18361468613147736
1466,0.18377439677715302
1467,0.19228456914424896
1468,0.19823995232582092
1469,0.1900184154510498
1470,0.19280192255973816
1471,0.19403469562530518
1472,0.22368764877319336
1473,0.18485993146896362
1474,0.1868429332971573
1475,0.1846843808889389
1476,0.185853511095047
1477,0.18817764520645142
1478,0.1892196238040924
1479,0.18930268287658691
1480,0.18590743839740753
1481,0.1840222328901291
1482,0.18121707439422607
1483,0.18724115192890167
1484,0.1846889704465866
1485,0.187846377491951
1486,0.18560098111629486
1487,0.1897265464067459
1488,0.1841096132993698
1489,0.1916811615228653
1490,0.18245700001716614
1491,0.19088855385780334
1492,0.19546015560626984
1493,0.183584526181221
1494,0.18650563061237335
1495,0.18643033504486084
1496,0.19318139553070068
1497,0.18967226147651672
1498,0.20103773474693298
1499,0.18940497934818268
1500,0.19660402834415436
1501,0.18560507893562317
1502,0.18858814239501953
1503,0.1783260554075241
1504,0.1819075644016266
1505,0.18648698925971985
1506,0.1841268241405487
1507,0.1850641369819641
1508,0.18529413640499115
1509,0.18517637252807617
1510,0.1832861602306366
1511,0.1909940391778946
1512,0.19140782952308655
1513,0.1832028180360794
1514,0.19014734029769897
1515,0.18493571877479553
1516,0.18475428223609924
1517,0.19151832163333893
1518,0.1881321370601654
1519,0.1826867312192917
1520,0.1831158995628357
1521,0.18334244191646576
1522,0.19615337252616882
1523,0.18416419625282288
1524,0.210832417011261
1525,0.1989935338497162
1526,0.18482844531536102
1527,0.183059960603714
1528,0.18391330540180206
1529,0.18689365684986115
1530,0.18103493750095367
1531,0.1890624463558197
1532,0.18311788141727448
1533,0.1892082542181015
1534,0.1842057704925537
1535,0.20092065632343292
1536,0.21773463487625122
1537,0.1888551265001297
1538,0.18344402313232422
1539,0.18627560138702393
1540,0.18801537156105042
1541,0.18170644342899323
1542,0.18068531155586243
1543,0.18407216668128967
1544,0.1818402260541916
1545,0.20403391122817993
1546,0.1844833791255951
1547,0.184311643242836
1548,0.18533723056316376
1549,0.1856526881456375
1550,0.19053132832050323
1551,0.1824040710926056
1552,0.18374978005886078
1553,0.18402498960494995
1554,0.1862349808216095
1555,0.18481428921222687
1556,0.19677932560443878
1557,0.1946052610874176
1558,0.18890511989593506
1559,0.19113227725028992
1560,0.18426553905010223
1561,0.18501777946949005
1562,0.1842598021030426
1563,0.19798244535923004
1564,0.18769972026348114
1565,0.17966562509536743
1566,0.178898885846138
1567,0.18090951442718506
1568,0.18422295153141022
1569,0.1882489174604416
1570,0.18638302385807037
1571,0.19124341011047363
1572,0.18374522030353546
1573,0.19750180840492249
1574,0.2120179533958435
1575,0.2184673696756363
1576,0.18611156940460205
1577,0.18023332953453064
1578,0.18145592510700226
1579,0.179037407040596
1580,0.18181858956813812
1581,0.18656276166439056
1582,0.1835852563381195
1583,0.18899111449718475
1584,0.18429076671600342
1585,0.18197965621948242
1586,0.18795759975910187
1587,0.1876552850008011
1588,0.18857698142528534
1589,0.1840461790561676
1590,0.17988048493862152
1591,0.18567970395088196
1592,0.17901882529258728
1593,0.18097355961799622
1594,0.18487592041492462
1595,0.18706364929676056
1596,0.1898621767759323
1597,0.18689341843128204
1598,0.18465271592140198
1599,0.18109595775604248
1600,0.21707600355148315
1601,0.19804364442825317
1602,0.18827015161514282
1603,0.18255934119224548
1604,0.18072734773159027
1605,0.1800135374069214
1606,0.18590523302555084
1607,0.1814003884792328
1608,0.18483449518680573
1609,0.17989417910575867
1610,0.18264822661876678
1611,0.18805049359798431
1612,0.18075941503047943
1613,0.1796242892742157
1614,0.1828644722700119
1615,0.18308869004249573
1616,0.17946994304656982
1617,0.18975692987442017
1618,0.19286459684371948
1619,0.20021578669548035
1620,0.18585750460624695
1621,0.18493568897247314
1622,0.178177148103714
1623,0.19902245700359344
1624,0.2167893946170807
1625,0.1906721293926239
1626,0.18153749406337738
1627,0.17952780425548553
1628,0.18502414226531982
1629,0.1802908331155777
1630,0.18437007069587708
1631,0.17941059172153473
1632,0.18145312368869781
1633,0.19871337711811066
1634,0.18602389097213745
1635,0.1827341765165329
1636,0.1795823723077774
1637,0.17752306163311005
1638,0.18313953280448914
1639,0.18128721415996552
1640,0.1827562153339386
1641,0.1849818229675293
1642,0.18215209245681763
1643,0.1935703009366989
1644,0.1897842139005661
1645,0.18606990575790405
1646,0.17656327784061432
1647,0.20263510942459106
1648,0.18333327770233154
1649,0.18354244530200958
1650,0.1856306791305542
1651,0.17631115019321442
1652,0.17856141924858093
1653,0.18243111670017242
1654,0.1837669163942337
1655,0.18390336632728577
1656,0.1851561814546585
1657,0.18225225806236267
1658,0.17942285537719727
1659,0.1942126303911209
1660,0.18654872477054596
1661,0.18251894414424896
1662,0.1840108036994934
1663,0.19541239738464355
1664,0.18676848709583282
1665,0.18044498562812805
1666,0.1764557659626007
1667,0.18063485622406006
1668,0.17629972100257874
1669,0.18663224577903748
1670,0.18620775640010834
1671,0.1852906048297882
1672,0.21885640919208527
1673,0.20985931158065796
1674,0.18617390096187592
1675,0.17959998548030853
1676,0.18011118471622467
1677,0.1785956174135208
1678,0.18156559765338898
1679,0.1890767365694046
1680,0.18075460195541382
1681,0.17854538559913635
1682,0.19558392465114594
1683,0.18142946064472198
1684,0.1773105412721634
1685,0.1773681938648224
1686,0.17911076545715332
1687,0.18054218590259552
1688,0.18368391692638397
1689,0.18200543522834778
1690,0.18891923129558563
1691,0.19166888296604156
1692,0.19236503541469574
1693,0.19454005360603333
1694,0.18195874989032745
1695,0.17981944978237152
1696,0.18130925297737122
1697,0.1813427060842514
1698,0.18215027451515198
1699,0.17856697738170624
1700,0.18237535655498505
1701,0.18042032420635223
1702,0.18089449405670166
1703,0.1889028698205948
1704,0.18121834099292755
1705,0.18229243159294128
1706,0.17933249473571777
1707,0.17973655462265015
1708,0.18112605810165405
1709,0.18962575495243073
1710,0.18204832077026367
1711,0.19062305986881256
1712,0.17599578201770782
1713,0.179673969745636
1714,0.18065495789051056
1715,0.18356440961360931
1716,0.18586057424545288
1717,0.19664697349071503
1718,0.18585677444934845
1719,0.18648773431777954
1720,0.17713798582553864
1721,0.18010665476322174
1722,0.1857880800962448
1723,0.1801181584596634
1724,0.18365325033664703
1725,0.19620835781097412
1726,0.17754535377025604
1727,0.18307551741600037
1728,0.1793995052576065
1729,0.17957477271556854
1730,0.18486441671848297
1731,0.18207389116287231
1732,0.18472930788993835
1733,0.18608757853507996
1734,0.17984236776828766
1735,0.18087156116962433
1736,0.1877533495426178
1737,0.18867617845535278
1738,0.177384614944458
1739,0.17660917341709137
1740,0.1887216717004776
1741,0.18490955233573914
1742,0.18336725234985352
1743,0.18099647760391235
1744,0.1829444020986557
1745,0.1925414651632309
1746,0.183991938829422
1747,0.19005003571510315
1748,0.17868269979953766
1749,0.17834118008613586
1750,0.18295547366142273
1751,0.17846298217773438
1752,0.18661144375801086
1753,0.18144436180591583
1754,0.17552101612091064
1755,0.17746643722057343
1756,0.17766103148460388
1757,0.18113741278648376
1758,0.1837526559829712
1759,0.1912943422794342
1760,0.17988398671150208
1761,0.18549108505249023
1762,0.17711284756660461
1763,0.18278686702251434
1764,0.18143042922019958
1765,0.19213438034057617
1766,0.1811147779226303
1767,0.18526670336723328
1768,0.18712471425533295
1769,0.17545552551746368
1770,0.1858496516942978
1771,0.1824735850095749
1772,0.18261724710464478
1773,0.18487368524074554
1774,0.18009434640407562
1775,0.1812722533941269
1776,0.1809355616569519
1777,0.18713024258613586
1778,0.18008793890476227
1779,0.1752142459154129
1780,0.18670660257339478
1781,0.18503165245056152
1782,0.22361555695533752
1783,0.1890392154455185
1784,0.1842530220746994
1785,0.18082109093666077
1786,0.17745783925056458
1787,0.17497101426124573
1788,0.17910416424274445
1789,0.17557834088802338
1790,0.1755850464105606
1791,0.17885395884513855
1792,0.1843336969614029
1793,0.1854994297027588
1794,0.18162238597869873
1795,0.22138063609600067
1796,0.18939553201198578
1797,0.18085411190986633
1798,0.18177355825901031
1799,0.17544373869895935
1800,0.1837472915649414
1801,0.17881976068019867
1802,0.17963634431362152
1803,0.1802828460931778
1804,0.18240267038345337
1805,0.1859467327594757
1806,0.17943426966667175
1807,0.18437644839286804
1808,0.1822831630706787
1809,0.17810046672821045
1810,0.17686420679092407
1811,0.18105460703372955
1812,0.1833139955997467
1813,0.1790531873703003
1814,0.18950583040714264
1815,0.18471427261829376
1816,0.1872606873512268
1817,0.17976921796798706
1818,0.17765003442764282
1819,0.17900362610816956
1820,0.1743590235710144
1821,0.18531754612922668
1822,0.1855137199163437
1823,0.17869089543819427
1824,0.17869114875793457
1825,0.18161483108997345
1826,0.17888201773166656
1827,0.18281112611293793
1828,0.18250302970409393
1829,0.17949369549751282
1830,0.17421647906303406
1831,0.17989389598369598
1832,0.18382516503334045
1833,0.17869459092617035
1834,0.17880232632160187
1835,0.18422754108905792
1836,0.18924327194690704
1837,0.18348024785518646
1838,0.18558727204799652
1839,0.18818792700767517
1840,0.18014509975910187
1841,0.17771673202514648
1842,0.18088674545288086
1843,0.2124672383069992
1844,0.19130758941173553
1845,0.18084459006786346
1846,0.1733168065547943
1847,0.19253115355968475
1848,0.18437407910823822
1849,0.18164680898189545
1850,0.18119151890277863
1851,0.18227481842041016
1852,0.17539620399475098
1853,0.1755964457988739
1854,0.1807381957769394
1855,0.17643697559833527
1856,0.1895710527896881
1857,0.18045805394649506
1858,0.17928357422351837
1859,0.1746012270450592
1860,0.18176227807998657
1861,0.17486010491847992
1862,0.18988971412181854
1863,0.18409644067287445
1864,0.1793195903301239
1865,0.18927636742591858
1866,0.18839789927005768
1867,0.19569534063339233
1868,0.17598548531532288
1869,0.17897801101207733
1870,0.1816268265247345
1871,0.20147761702537537
1872,0.18337152898311615
1873,0.17761126160621643
1874,0.17911383509635925
1875,0.17724505066871643
1876,0.17178316414356232
1877,0.17993317544460297
1878,0.1766517162322998
1879,0.19080249965190887
1880,0.17943882942199707
1881,0.18486328423023224
1882,0.18058432638645172
1883,0.18756897747516632
1884,0.19061022996902466
1885,0.18160618841648102
1886,0.17537946999073029
1887,0.17435380816459656
1888,0.18468087911605835
1889,0.1845390349626541
1890,0.1794986128807068
1891,0.17817072570323944
1892,0.1795862466096878
1893,0.1787559688091278
1894,0.18710190057754517
1895,0.1910783350467682
1896,0.17814159393310547
1897,0.17219766974449158
1898,0.173553928732872
1899,0.18173283338546753
1900,0.18499602377414703
1901,0.18053102493286133
1902,0.18856234848499298
1903,0.1750771701335907
1904,0.19094574451446533
1905,0.18375129997730255
1906,0.18038390576839447
1907,0.18492475152015686
1908,0.178863525390625
1909,0.17579522728919983
1910,0.17283007502555847
1911,0.19476017355918884
1912,0.18506039679050446
1913,0.18137650191783905
1914,0.17739981412887573
1915,0.19431063532829285
1916,0.1806204915046692
1917,0.17170806229114532
1918,0.18098635971546173
1919,0.1882050633430481
1920,0.177022784948349
1921,0.18610171973705292
1922,0.18537960946559906
1923,0.17641834914684296
1924,0.17567995190620422
1925,0.183266282081604
1926,0.18152333796024323
1927,0.1773112267255783
1928,0.18185873329639435
1929,0.18246875703334808
1930,0.17861612141132355
1931,0.17801661789417267
1932,0.17616355419158936
1933,0.17760959267616272
1934,0.1887091100215912
1935,0.17612653970718384
1936,0.1822856217622757
1937,0.21107959747314453
1938,0.18961559236049652
1939,0.1802481710910797
1940,0.17394210398197174
1941,0.17293928563594818
1942,0.18015863001346588
1943,0.18289731442928314
1944,0.17843104898929596
1945,0.17605653405189514
1946,0.17399227619171143
1947,0.17823824286460876
1948,0.17513340711593628
1949,0.1855342835187912
1950,0.19783484935760498
1951,0.19866704940795898
1952,0.18643571436405182
1953,0.17876458168029785
1954,0.1762363463640213
1955,0.17343899607658386
1956,0.1767144352197647
1957,0.1780582070350647
1958,0.18004420399665833
1959,0.1779128760099411
1960,0.17916254699230194
1961,0.1871124655008316
1962,0.18482422828674316
1963,0.1772320568561554
1964,0.1792975813150406
1965,0.18304851651191711
1966,0.18033316731452942
1967,0.1805209070444107
1968,0.1845737248659134
1969,0.178697407245636
1970,0.17445075511932373
1971,0.18138831853866577
1972,0.17385153472423553
1973,0.17901666462421417
1974,0.19627729058265686
1975,0.17851082980632782
1976,0.18088573217391968
1977,0.18763379752635956
1978,0.181929811835289
1979,0.1828744262456894
1980,0.18215253949165344
1981,0.18258820474147797
1982,0.17974209785461426
1983,0.17734892666339874
1984,0.17777785658836365
1985,0.18489347398281097
1986,0.17767295241355896
1987,0.17994701862335205
1988,0.17833919823169708
1989,0.17460370063781738
1990,0.17701923847198486
1991,0.17904531955718994
1992,0.17729367315769196
1993,0.1727249175310135
1994,0.17492219805717468
1995,0.18180729448795319
1996,0.183747336268425
1997,0.17804966866970062
1998,0.17538973689079285
1999,0.1746324747800827
2000,0.18077270686626434
2001,0.18214884400367737
2002,0.1751919984817505
2003,0.18027812242507935
2004,0.1827952265739441
2005,0.1838381588459015
2006,0.1933121532201767
2007,0.1756056696176529
2008,0.17275014519691467
2009,0.17459531128406525
2010,0.18324339389801025
2011,0.17726798355579376
2012,0.17044001817703247
2013,0.17623361945152283
2014,0.19983617961406708
2015,0.18167009949684143
2016,0.17600195109844208
2017,0.17544300854206085
2018,0.1789509356021881
2019,0.17826105654239655
2020,0.20187775790691376
2021,0.17595192790031433
2022,0.17175136506557465
2023,0.18892955780029297
2024,0.17632971704006195
2025,0.18053190410137177
2026,0.18075458705425262
2027,0.18005064129829407
2028,0.17437312006950378
2029,0.17019493877887726
2030,0.17451505362987518
2031,0.17524050176143646
2032,0.18391349911689758
2033,0.18235303461551666
2034,0.1725415289402008
2035,0.1737705022096634
2036,0.18507088720798492
2037,0.1766146570444107
2038,0.18322360515594482
2039,0.18589471280574799
2040,0.1796233057975769
2041,0.1732185035943985
2042,0.17541569471359253
2043,0.17658954858779907
2044,0.18337973952293396
2045,0.18346215784549713
2046,0.18147841095924377
2047,0.18088674545288086
